# JRE version: OpenJDK Runtime Environment (7.0_95) (build 1.7.0_95-b00)
# Java VM: OpenJDK 64-Bit Server VM (24.95-b01 mixed mode linux-amd64 compressed oops)
Heap
 PSYoungGen      total 137216K, used 12277K [0x00000000eaa80000, 0x00000000f3d80000, 0x0000000100000000)
  eden space 124928K, 0% used [0x00000000eaa80000,0x00000000eaa80000,0x00000000f2480000)
  from space 12288K, 99% used [0x00000000f2480000,0x00000000f307d730,0x00000000f3080000)
  to   space 11264K, 0% used [0x00000000f3080000,0x00000000f3080000,0x00000000f3b80000)
 ParOldGen       total 40960K, used 22736K [0x00000000c0000000, 0x00000000c2800000, 0x00000000eaa80000)
  object space 40960K, 55% used [0x00000000c0000000,0x00000000c1634048,0x00000000c2800000)
 PSPermGen       total 34816K, used 34786K [0x00000000b0000000, 0x00000000b2200000, 0x00000000c0000000)
  object space 34816K, 99% used [0x00000000b0000000,0x00000000b21f8af0,0x00000000b2200000)
GC Heap History (10 events):
Event: 2,435 GC heap after
Heap after GC invocations=4 (full 0):
 PSYoungGen      total 34304K, used 2544K [0x00000000eaa80000, 0x00000000ece80000, 0x0000000100000000)
  eden space 31744K, 0% used [0x00000000eaa80000,0x00000000eaa80000,0x00000000ec980000)
  from space 2560K, 99% used [0x00000000ecc00000,0x00000000ece7c010,0x00000000ece80000)
  to   space 2560K, 0% used [0x00000000ec980000,0x00000000ec980000,0x00000000ecc00000)
 ParOldGen       total 40960K, used 3559K [0x00000000c0000000, 0x00000000c2800000, 0x00000000eaa80000)
  object space 40960K, 8% used [0x00000000c0000000,0x00000000c0379ca0,0x00000000c2800000)
 PSPermGen       total 21504K, used 12538K [0x00000000b0000000, 0x00000000b1500000, 0x00000000c0000000)
  object space 21504K, 58% used [0x00000000b0000000,0x00000000b0c3eba0,0x00000000b1500000)
}
Event: 3,327 GC heap before
{Heap before GC invocations=5 (full 0):
 PSYoungGen      total 34304K, used 33962K [0x00000000eaa80000, 0x00000000ece80000, 0x0000000100000000)
  eden space 31744K, 98% used [0x00000000eaa80000,0x00000000ec92ea50,0x00000000ec980000)
  from space 2560K, 99% used [0x00000000ecc00000,0x00000000ece7c010,0x00000000ece80000)
  to   space 2560K, 0% used [0x00000000ec980000,0x00000000ec980000,0x00000000ecc00000)
 ParOldGen       total 40960K, used 3559K [0x00000000c0000000, 0x00000000c2800000, 0x00000000eaa80000)
  object space 40960K, 8% used [0x00000000c0000000,0x00000000c0379ca0,0x00000000c2800000)
 PSPermGen       total 21504K, used 17896K [0x00000000b0000000, 0x00000000b1500000, 0x00000000c0000000)
  object space 21504K, 83% used [0x00000000b0000000,0x00000000b117a028,0x00000000b1500000)
Event: 3,352 GC heap after
Heap after GC invocations=5 (full 0):
 PSYoungGen      total 34304K, used 2560K [0x00000000eaa80000, 0x00000000ef880000, 0x0000000100000000)
  eden space 31744K, 0% used [0x00000000eaa80000,0x00000000eaa80000,0x00000000ec980000)
  from space 2560K, 100% used [0x00000000ec980000,0x00000000ecc00000,0x00000000ecc00000)
  to   space 8192K, 0% used [0x00000000ef080000,0x00000000ef080000,0x00000000ef880000)
 ParOldGen       total 40960K, used 8910K [0x00000000c0000000, 0x00000000c2800000, 0x00000000eaa80000)
  object space 40960K, 21% used [0x00000000c0000000,0x00000000c08b3ab8,0x00000000c2800000)
 PSPermGen       total 21504K, used 17896K [0x00000000b0000000, 0x00000000b1500000, 0x00000000c0000000)
  object space 21504K, 83% used [0x00000000b0000000,0x00000000b117a028,0x00000000b1500000)
}
Event: 4,110 GC heap before
{Heap before GC invocations=6 (full 0):
 PSYoungGen      total 34304K, used 34304K [0x00000000eaa80000, 0x00000000ef880000, 0x0000000100000000)
  eden space 31744K, 100% used [0x00000000eaa80000,0x00000000ec980000,0x00000000ec980000)
  from space 2560K, 100% used [0x00000000ec980000,0x00000000ecc00000,0x00000000ecc00000)
  to   space 8192K, 0% used [0x00000000ef080000,0x00000000ef080000,0x00000000ef880000)
 ParOldGen       total 40960K, used 8910K [0x00000000c0000000, 0x00000000c2800000, 0x00000000eaa80000)
  object space 40960K, 21% used [0x00000000c0000000,0x00000000c08b3ab8,0x00000000c2800000)
 PSPermGen       total 21504K, used 20491K [0x00000000b0000000, 0x00000000b1500000, 0x00000000c0000000)
  object space 21504K, 95% used [0x00000000b0000000,0x00000000b1402c70,0x00000000b1500000)
Event: 4,124 GC heap after
Heap after GC invocations=6 (full 0):
 PSYoungGen      total 71168K, used 6376K [0x00000000eaa80000, 0x00000000ef980000, 0x0000000100000000)
  eden space 62976K, 0% used [0x00000000eaa80000,0x00000000eaa80000,0x00000000ee800000)
  from space 8192K, 77% used [0x00000000ef080000,0x00000000ef6ba040,0x00000000ef880000)
  to   space 8704K, 0% used [0x00000000ee800000,0x00000000ee800000,0x00000000ef080000)
 ParOldGen       total 40960K, used 8910K [0x00000000c0000000, 0x00000000c2800000, 0x00000000eaa80000)
  object space 40960K, 21% used [0x00000000c0000000,0x00000000c08b3ab8,0x00000000c2800000)
 PSPermGen       total 21504K, used 20491K [0x00000000b0000000, 0x00000000b1500000, 0x00000000c0000000)
  object space 21504K, 95% used [0x00000000b0000000,0x00000000b1402c70,0x00000000b1500000)
}
Event: 6,759 GC heap before
{Heap before GC invocations=7 (full 0):
 PSYoungGen      total 71168K, used 69352K [0x00000000eaa80000, 0x00000000ef980000, 0x0000000100000000)
  eden space 62976K, 100% used [0x00000000eaa80000,0x00000000ee800000,0x00000000ee800000)
  from space 8192K, 77% used [0x00000000ef080000,0x00000000ef6ba040,0x00000000ef880000)
  to   space 8704K, 0% used [0x00000000ee800000,0x00000000ee800000,0x00000000ef080000)
 ParOldGen       total 40960K, used 8910K [0x00000000c0000000, 0x00000000c2800000, 0x00000000eaa80000)
  object space 40960K, 21% used [0x00000000c0000000,0x00000000c08b3ab8,0x00000000c2800000)
 PSPermGen       total 26624K, used 26426K [0x00000000b0000000, 0x00000000b1a00000, 0x00000000c0000000)
  object space 26624K, 99% used [0x00000000b0000000,0x00000000b19ce810,0x00000000b1a00000)
Event: 6,803 GC heap after
Heap after GC invocations=7 (full 0):
 PSYoungGen      total 71680K, used 8683K [0x00000000eaa80000, 0x00000000f3b80000, 0x0000000100000000)
  eden space 62976K, 0% used [0x00000000eaa80000,0x00000000eaa80000,0x00000000ee800000)
  from space 8704K, 99% used [0x00000000ee800000,0x00000000ef07ad20,0x00000000ef080000)
  to   space 11264K, 0% used [0x00000000f3080000,0x00000000f3080000,0x00000000f3b80000)
 ParOldGen       total 40960K, used 11008K [0x00000000c0000000, 0x00000000c2800000, 0x00000000eaa80000)
  object space 40960K, 26% used [0x00000000c0000000,0x00000000c0ac00d8,0x00000000c2800000)
 PSPermGen       total 26624K, used 26426K [0x00000000b0000000, 0x00000000b1a00000, 0x00000000c0000000)
  object space 26624K, 99% used [0x00000000b0000000,0x00000000b19ce810,0x00000000b1a00000)
}
Event: 11,367 GC heap before
{Heap before GC invocations=8 (full 0):
 PSYoungGen      total 71680K, used 71659K [0x00000000eaa80000, 0x00000000f3b80000, 0x0000000100000000)
  eden space 62976K, 100% used [0x00000000eaa80000,0x00000000ee800000,0x00000000ee800000)
  from space 8704K, 99% used [0x00000000ee800000,0x00000000ef07ad20,0x00000000ef080000)
  to   space 11264K, 0% used [0x00000000f3080000,0x00000000f3080000,0x00000000f3b80000)
 ParOldGen       total 40960K, used 11008K [0x00000000c0000000, 0x00000000c2800000, 0x00000000eaa80000)
  object space 40960K, 26% used [0x00000000c0000000,0x00000000c0ac00d8,0x00000000c2800000)
 PSPermGen       total 28160K, used 27731K [0x00000000b0000000, 0x00000000b1b80000, 0x00000000c0000000)
  object space 28160K, 98% used [0x00000000b0000000,0x00000000b1b14d00,0x00000000b1b80000)
Event: 11,388 GC heap after
Heap after GC invocations=8 (full 0):
 PSYoungGen      total 136192K, used 8494K [0x00000000eaa80000, 0x00000000f3d80000, 0x0000000100000000)
  eden space 124928K, 0% used [0x00000000eaa80000,0x00000000eaa80000,0x00000000f2480000)
  from space 11264K, 75% used [0x00000000f3080000,0x00000000f38cbbf0,0x00000000f3b80000)
  to   space 12288K, 0% used [0x00000000f2480000,0x00000000f2480000,0x00000000f3080000)
 ParOldGen       total 40960K, used 12013K [0x00000000c0000000, 0x00000000c2800000, 0x00000000eaa80000)
  object space 40960K, 29% used [0x00000000c0000000,0x00000000c0bbb488,0x00000000c2800000)
 PSPermGen       total 28160K, used 27731K [0x00000000b0000000, 0x00000000b1b80000, 0x00000000c0000000)
  object space 28160K, 98% used [0x00000000b0000000,0x00000000b1b14d00,0x00000000b1b80000)
}
Event: 14,917 GC heap before
{Heap before GC invocations=9 (full 0):
 PSYoungGen      total 136192K, used 133422K [0x00000000eaa80000, 0x00000000f3d80000, 0x0000000100000000)
  eden space 124928K, 100% used [0x00000000eaa80000,0x00000000f2480000,0x00000000f2480000)
  from space 11264K, 75% used [0x00000000f3080000,0x00000000f38cbbf0,0x00000000f3b80000)
  to   space 12288K, 0% used [0x00000000f2480000,0x00000000f2480000,0x00000000f3080000)
 ParOldGen       total 40960K, used 12013K [0x00000000c0000000, 0x00000000c2800000, 0x00000000eaa80000)
  object space 40960K, 29% used [0x00000000c0000000,0x00000000c0bbb488,0x00000000c2800000)
 PSPermGen       total 34816K, used 34786K [0x00000000b0000000, 0x00000000b2200000, 0x00000000c0000000)
  object space 34816K, 99% used [0x00000000b0000000,0x00000000b21f8af0,0x00000000b2200000)

