# JRE version: OpenJDK Runtime Environment (7.0_95) (build 1.7.0_95-b00)
# Java VM: OpenJDK 64-Bit Server VM (24.95-b01 mixed mode linux-amd64 compressed oops)
Heap
 PSYoungGen      total 239104K, used 50829K [0x00000000eaa80000, 0x0000000100000000, 0x0000000100000000)
  eden space 147968K, 0% used [0x00000000eaa80000,0x00000000eaa80000,0x00000000f3b00000)
  from space 91136K, 55% used [0x00000000fa700000,0x00000000fd8a3590,0x0000000100000000)
  to   space 100864K, 0% used [0x00000000f3b00000,0x00000000f3b00000,0x00000000f9d80000)
 ParOldGen       total 181248K, used 181192K [0x00000000c0000000, 0x00000000cb100000, 0x00000000eaa80000)
  object space 181248K, 99% used [0x00000000c0000000,0x00000000cb0f2358,0x00000000cb100000)
 PSPermGen       total 21504K, used 6558K [0x00000000b5a00000, 0x00000000b6f00000, 0x00000000c0000000)
  object space 21504K, 30% used [0x00000000b5a00000,0x00000000b6067a20,0x00000000b6f00000)
GC Heap History (10 events):
Event: 12,043 GC heap after
Heap after GC invocations=12 (full 2):
 PSYoungGen      total 239104K, used 24624K [0x00000000eaa80000, 0x0000000100000000, 0x0000000100000000)
  eden space 208896K, 0% used [0x00000000eaa80000,0x00000000eaa80000,0x00000000f7680000)
  from space 30208K, 81% used [0x00000000faf80000,0x00000000fc78c278,0x00000000fcd00000)
  to   space 58368K, 0% used [0x00000000f7680000,0x00000000f7680000,0x00000000faf80000)
 ParOldGen       total 164864K, used 91382K [0x00000000c0000000, 0x00000000ca100000, 0x00000000eaa80000)
  object space 164864K, 55% used [0x00000000c0000000,0x00000000c593d938,0x00000000ca100000)
 PSPermGen       total 21504K, used 6449K [0x00000000b5a00000, 0x00000000b6f00000, 0x00000000c0000000)
  object space 21504K, 29% used [0x00000000b5a00000,0x00000000b604c7c8,0x00000000b6f00000)
}
Event: 12,832 GC heap before
{Heap before GC invocations=13 (full 2):
 PSYoungGen      total 239104K, used 233520K [0x00000000eaa80000, 0x0000000100000000, 0x0000000100000000)
  eden space 208896K, 100% used [0x00000000eaa80000,0x00000000f7680000,0x00000000f7680000)
  from space 30208K, 81% used [0x00000000faf80000,0x00000000fc78c278,0x00000000fcd00000)
  to   space 58368K, 0% used [0x00000000f7680000,0x00000000f7680000,0x00000000faf80000)
 ParOldGen       total 164864K, used 91382K [0x00000000c0000000, 0x00000000ca100000, 0x00000000eaa80000)
  object space 164864K, 55% used [0x00000000c0000000,0x00000000c593d938,0x00000000ca100000)
 PSPermGen       total 21504K, used 6462K [0x00000000b5a00000, 0x00000000b6f00000, 0x00000000c0000000)
  object space 21504K, 30% used [0x00000000b5a00000,0x00000000b604fb40,0x00000000b6f00000)
Event: 13,009 GC heap after
Heap after GC invocations=13 (full 2):
 PSYoungGen      total 267264K, used 55514K [0x00000000eaa80000, 0x0000000100000000, 0x0000000100000000)
  eden space 208896K, 0% used [0x00000000eaa80000,0x00000000eaa80000,0x00000000f7680000)
  from space 58368K, 95% used [0x00000000f7680000,0x00000000facb6910,0x00000000faf80000)
  to   space 67584K, 0% used [0x00000000fbe00000,0x00000000fbe00000,0x0000000100000000)
 ParOldGen       total 164864K, used 95395K [0x00000000c0000000, 0x00000000ca100000, 0x00000000eaa80000)
  object space 164864K, 57% used [0x00000000c0000000,0x00000000c5d28d30,0x00000000ca100000)
 PSPermGen       total 21504K, used 6462K [0x00000000b5a00000, 0x00000000b6f00000, 0x00000000c0000000)
  object space 21504K, 30% used [0x00000000b5a00000,0x00000000b604fb40,0x00000000b6f00000)
}
Event: 13,560 GC heap before
{Heap before GC invocations=14 (full 2):
 PSYoungGen      total 267264K, used 264410K [0x00000000eaa80000, 0x0000000100000000, 0x0000000100000000)
  eden space 208896K, 100% used [0x00000000eaa80000,0x00000000f7680000,0x00000000f7680000)
  from space 58368K, 95% used [0x00000000f7680000,0x00000000facb6910,0x00000000faf80000)
  to   space 67584K, 0% used [0x00000000fbe00000,0x00000000fbe00000,0x0000000100000000)
 ParOldGen       total 164864K, used 95395K [0x00000000c0000000, 0x00000000ca100000, 0x00000000eaa80000)
  object space 164864K, 57% used [0x00000000c0000000,0x00000000c5d28d30,0x00000000ca100000)
 PSPermGen       total 21504K, used 6484K [0x00000000b5a00000, 0x00000000b6f00000, 0x00000000c0000000)
  object space 21504K, 30% used [0x00000000b5a00000,0x00000000b6055218,0x00000000b6f00000)
Event: 14,218 GC heap after
Heap after GC invocations=14 (full 2):
 PSYoungGen      total 245248K, used 67571K [0x00000000eaa80000, 0x0000000100000000, 0x0000000100000000)
  eden space 177664K, 0% used [0x00000000eaa80000,0x00000000eaa80000,0x00000000f5800000)
  from space 67584K, 99% used [0x00000000fbe00000,0x00000000ffffccd0,0x0000000100000000)
  to   space 86016K, 0% used [0x00000000f5800000,0x00000000f5800000,0x00000000fac00000)
 ParOldGen       total 164864K, used 113812K [0x00000000c0000000, 0x00000000ca100000, 0x00000000eaa80000)
  object space 164864K, 69% used [0x00000000c0000000,0x00000000c6f250f8,0x00000000ca100000)
 PSPermGen       total 21504K, used 6484K [0x00000000b5a00000, 0x00000000b6f00000, 0x00000000c0000000)
  object space 21504K, 30% used [0x00000000b5a00000,0x00000000b6055218,0x00000000b6f00000)
}
Event: 16,943 GC heap before
{Heap before GC invocations=15 (full 2):
 PSYoungGen      total 245248K, used 245235K [0x00000000eaa80000, 0x0000000100000000, 0x0000000100000000)
  eden space 177664K, 100% used [0x00000000eaa80000,0x00000000f5800000,0x00000000f5800000)
  from space 67584K, 99% used [0x00000000fbe00000,0x00000000ffffccd0,0x0000000100000000)
  to   space 86016K, 0% used [0x00000000f5800000,0x00000000f5800000,0x00000000fac00000)
 ParOldGen       total 164864K, used 113812K [0x00000000c0000000, 0x00000000ca100000, 0x00000000eaa80000)
  object space 164864K, 69% used [0x00000000c0000000,0x00000000c6f250f8,0x00000000ca100000)
 PSPermGen       total 21504K, used 6488K [0x00000000b5a00000, 0x00000000b6f00000, 0x00000000c0000000)
  object space 21504K, 30% used [0x00000000b5a00000,0x00000000b60560a8,0x00000000b6f00000)
Event: 17,064 GC heap after
Heap after GC invocations=15 (full 2):
 PSYoungGen      total 258560K, used 80387K [0x00000000eaa80000, 0x0000000100000000, 0x0000000100000000)
  eden space 177664K, 0% used [0x00000000eaa80000,0x00000000eaa80000,0x00000000f5800000)
  from space 80896K, 99% used [0x00000000f5800000,0x00000000fa680e08,0x00000000fa700000)
  to   space 91136K, 0% used [0x00000000fa700000,0x00000000fa700000,0x0000000100000000)
 ParOldGen       total 164864K, used 131615K [0x00000000c0000000, 0x00000000ca100000, 0x00000000eaa80000)
  object space 164864K, 79% used [0x00000000c0000000,0x00000000c8087c10,0x00000000ca100000)
 PSPermGen       total 21504K, used 6488K [0x00000000b5a00000, 0x00000000b6f00000, 0x00000000c0000000)
  object space 21504K, 30% used [0x00000000b5a00000,0x00000000b60560a8,0x00000000b6f00000)
}
Event: 18,003 GC heap before
{Heap before GC invocations=16 (full 2):
 PSYoungGen      total 258560K, used 258051K [0x00000000eaa80000, 0x0000000100000000, 0x0000000100000000)
  eden space 177664K, 100% used [0x00000000eaa80000,0x00000000f5800000,0x00000000f5800000)
  from space 80896K, 99% used [0x00000000f5800000,0x00000000fa680e08,0x00000000fa700000)
  to   space 91136K, 0% used [0x00000000fa700000,0x00000000fa700000,0x0000000100000000)
 ParOldGen       total 164864K, used 131615K [0x00000000c0000000, 0x00000000ca100000, 0x00000000eaa80000)
  object space 164864K, 79% used [0x00000000c0000000,0x00000000c8087c10,0x00000000ca100000)
 PSPermGen       total 21504K, used 6559K [0x00000000b5a00000, 0x00000000b6f00000, 0x00000000c0000000)
  object space 21504K, 30% used [0x00000000b5a00000,0x00000000b6067c50,0x00000000b6f00000)
Event: 18,201 GC heap after
Heap after GC invocations=16 (full 2):
 PSYoungGen      total 239104K, used 57518K [0x00000000eaa80000, 0x0000000100000000, 0x0000000100000000)
  eden space 147968K, 0% used [0x00000000eaa80000,0x00000000eaa80000,0x00000000f3b00000)
  from space 91136K, 63% used [0x00000000fa700000,0x00000000fdf2b980,0x0000000100000000)
  to   space 100864K, 0% used [0x00000000f3b00000,0x00000000f3b00000,0x00000000f9d80000)
 ParOldGen       total 181248K, used 181168K [0x00000000c0000000, 0x00000000cb100000, 0x00000000eaa80000)
  object space 181248K, 99% used [0x00000000c0000000,0x00000000cb0ec358,0x00000000cb100000)
 PSPermGen       total 21504K, used 6559K [0x00000000b5a00000, 0x00000000b6f00000, 0x00000000c0000000)
  object space 21504K, 30% used [0x00000000b5a00000,0x00000000b6067c50,0x00000000b6f00000)
}
Event: 18,213 GC heap before
{Heap before GC invocations=17 (full 3):
 PSYoungGen      total 239104K, used 57518K [0x00000000eaa80000, 0x0000000100000000, 0x0000000100000000)
  eden space 147968K, 0% used [0x00000000eaa80000,0x00000000eaa80000,0x00000000f3b00000)
  from space 91136K, 63% used [0x00000000fa700000,0x00000000fdf2b980,0x0000000100000000)
  to   space 100864K, 0% used [0x00000000f3b00000,0x00000000f3b00000,0x00000000f9d80000)
 ParOldGen       total 181248K, used 181168K [0x00000000c0000000, 0x00000000cb100000, 0x00000000eaa80000)
  object space 181248K, 99% used [0x00000000c0000000,0x00000000cb0ec358,0x00000000cb100000)
 PSPermGen       total 21504K, used 6559K [0x00000000b5a00000, 0x00000000b6f00000, 0x00000000c0000000)
  object space 21504K, 30% used [0x00000000b5a00000,0x00000000b6067c50,0x00000000b6f00000)

