# JRE version: OpenJDK Runtime Environment (7.0_95) (build 1.7.0_95-b00)
# Java VM: OpenJDK 64-Bit Server VM (24.95-b01 mixed mode linux-amd64 compressed oops)
Heap
 PSYoungGen      total 267264K, used 38325K [0x00000000eaa80000, 0x00000000fdb00000, 0x0000000100000000)
  eden space 227840K, 0% used [0x00000000eaa80000,0x00000000eaa80000,0x00000000f8900000)
  from space 39424K, 97% used [0x00000000f8900000,0x00000000fae6d640,0x00000000faf80000)
  to   space 35328K, 0% used [0x00000000faf80000,0x00000000faf80000,0x00000000fd200000)
 ParOldGen       total 125952K, used 114600K [0x00000000c0000000, 0x00000000c7b00000, 0x00000000eaa80000)
  object space 125952K, 90% used [0x00000000c0000000,0x00000000c6fea1b8,0x00000000c7b00000)
 PSPermGen       total 21504K, used 6464K [0x00000000b5a00000, 0x00000000b6f00000, 0x00000000c0000000)
  object space 21504K, 30% used [0x00000000b5a00000,0x00000000b6050268,0x00000000b6f00000)
GC Heap History (10 events):
Event: 7,796 GC heap after
Heap after GC invocations=10 (full 1):
 PSYoungGen      total 140288K, used 8648K [0x00000000eaa80000, 0x00000000f9e80000, 0x0000000100000000)
  eden space 118784K, 0% used [0x00000000eaa80000,0x00000000eaa80000,0x00000000f1e80000)
  from space 21504K, 40% used [0x00000000f1e80000,0x00000000f26f20d8,0x00000000f3380000)
  to   space 29696K, 0% used [0x00000000f8180000,0x00000000f8180000,0x00000000f9e80000)
 ParOldGen       total 75264K, used 40458K [0x00000000c0000000, 0x00000000c4980000, 0x00000000eaa80000)
  object space 75264K, 53% used [0x00000000c0000000,0x00000000c2782978,0x00000000c4980000)
 PSPermGen       total 21504K, used 6387K [0x00000000b5a00000, 0x00000000b6f00000, 0x00000000c0000000)
  object space 21504K, 29% used [0x00000000b5a00000,0x00000000b603ce18,0x00000000b6f00000)
}
Event: 8,822 GC heap before
{Heap before GC invocations=11 (full 1):
 PSYoungGen      total 140288K, used 127432K [0x00000000eaa80000, 0x00000000f9e80000, 0x0000000100000000)
  eden space 118784K, 100% used [0x00000000eaa80000,0x00000000f1e80000,0x00000000f1e80000)
  from space 21504K, 40% used [0x00000000f1e80000,0x00000000f26f20d8,0x00000000f3380000)
  to   space 29696K, 0% used [0x00000000f8180000,0x00000000f8180000,0x00000000f9e80000)
 ParOldGen       total 75264K, used 40458K [0x00000000c0000000, 0x00000000c4980000, 0x00000000eaa80000)
  object space 75264K, 53% used [0x00000000c0000000,0x00000000c2782978,0x00000000c4980000)
 PSPermGen       total 21504K, used 6409K [0x00000000b5a00000, 0x00000000b6f00000, 0x00000000c0000000)
  object space 21504K, 29% used [0x00000000b5a00000,0x00000000b60425b8,0x00000000b6f00000)
Event: 9,270 GC heap after
Heap after GC invocations=11 (full 1):
 PSYoungGen      total 184320K, used 19271K [0x00000000eaa80000, 0x00000000f9480000, 0x0000000100000000)
  eden space 164864K, 0% used [0x00000000eaa80000,0x00000000eaa80000,0x00000000f4b80000)
  from space 19456K, 99% used [0x00000000f8180000,0x00000000f9451c50,0x00000000f9480000)
  to   space 31232K, 0% used [0x00000000f5780000,0x00000000f5780000,0x00000000f7600000)
 ParOldGen       total 75264K, used 42911K [0x00000000c0000000, 0x00000000c4980000, 0x00000000eaa80000)
  object space 75264K, 57% used [0x00000000c0000000,0x00000000c29e7ef0,0x00000000c4980000)
 PSPermGen       total 21504K, used 6409K [0x00000000b5a00000, 0x00000000b6f00000, 0x00000000c0000000)
  object space 21504K, 29% used [0x00000000b5a00000,0x00000000b60425b8,0x00000000b6f00000)
}
Event: 10,890 GC heap before
{Heap before GC invocations=12 (full 1):
 PSYoungGen      total 184320K, used 184135K [0x00000000eaa80000, 0x00000000f9480000, 0x0000000100000000)
  eden space 164864K, 100% used [0x00000000eaa80000,0x00000000f4b80000,0x00000000f4b80000)
  from space 19456K, 99% used [0x00000000f8180000,0x00000000f9451c50,0x00000000f9480000)
  to   space 31232K, 0% used [0x00000000f5780000,0x00000000f5780000,0x00000000f7600000)
 ParOldGen       total 75264K, used 42911K [0x00000000c0000000, 0x00000000c4980000, 0x00000000eaa80000)
  object space 75264K, 57% used [0x00000000c0000000,0x00000000c29e7ef0,0x00000000c4980000)
 PSPermGen       total 21504K, used 6429K [0x00000000b5a00000, 0x00000000b6f00000, 0x00000000c0000000)
  object space 21504K, 29% used [0x00000000b5a00000,0x00000000b6047520,0x00000000b6f00000)
Event: 11,216 GC heap after
Heap after GC invocations=12 (full 1):
 PSYoungGen      total 208384K, used 28063K [0x00000000eaa80000, 0x00000000fd200000, 0x0000000100000000)
  eden space 177152K, 0% used [0x00000000eaa80000,0x00000000eaa80000,0x00000000f5780000)
  from space 31232K, 89% used [0x00000000f5780000,0x00000000f72e7fc0,0x00000000f7600000)
  to   space 35328K, 0% used [0x00000000faf80000,0x00000000faf80000,0x00000000fd200000)
 ParOldGen       total 75264K, used 61756K [0x00000000c0000000, 0x00000000c4980000, 0x00000000eaa80000)
  object space 75264K, 82% used [0x00000000c0000000,0x00000000c3c4f138,0x00000000c4980000)
 PSPermGen       total 21504K, used 6429K [0x00000000b5a00000, 0x00000000b6f00000, 0x00000000c0000000)
  object space 21504K, 29% used [0x00000000b5a00000,0x00000000b6047520,0x00000000b6f00000)
}
Event: 11,222 GC heap before
{Heap before GC invocations=13 (full 2):
 PSYoungGen      total 208384K, used 28063K [0x00000000eaa80000, 0x00000000fd200000, 0x0000000100000000)
  eden space 177152K, 0% used [0x00000000eaa80000,0x00000000eaa80000,0x00000000f5780000)
  from space 31232K, 89% used [0x00000000f5780000,0x00000000f72e7fc0,0x00000000f7600000)
  to   space 35328K, 0% used [0x00000000faf80000,0x00000000faf80000,0x00000000fd200000)
 ParOldGen       total 75264K, used 61756K [0x00000000c0000000, 0x00000000c4980000, 0x00000000eaa80000)
  object space 75264K, 82% used [0x00000000c0000000,0x00000000c3c4f138,0x00000000c4980000)
 PSPermGen       total 21504K, used 6429K [0x00000000b5a00000, 0x00000000b6f00000, 0x00000000c0000000)
  object space 21504K, 29% used [0x00000000b5a00000,0x00000000b6047520,0x00000000b6f00000)
Event: 11,729 GC heap after
Heap after GC invocations=13 (full 2):
 PSYoungGen      total 208384K, used 12057K [0x00000000eaa80000, 0x00000000fd200000, 0x0000000100000000)
  eden space 177152K, 0% used [0x00000000eaa80000,0x00000000eaa80000,0x00000000f5780000)
  from space 31232K, 38% used [0x00000000f5780000,0x00000000f6346508,0x00000000f7600000)
  to   space 35328K, 0% used [0x00000000faf80000,0x00000000faf80000,0x00000000fd200000)
 ParOldGen       total 125952K, used 75101K [0x00000000c0000000, 0x00000000c7b00000, 0x00000000eaa80000)
  object space 125952K, 59% used [0x00000000c0000000,0x00000000c4957760,0x00000000c7b00000)
 PSPermGen       total 21504K, used 6428K [0x00000000b5a00000, 0x00000000b6f00000, 0x00000000c0000000)
  object space 21504K, 29% used [0x00000000b5a00000,0x00000000b60472c0,0x00000000b6f00000)
}
Event: 13,023 GC heap before
{Heap before GC invocations=14 (full 2):
 PSYoungGen      total 208384K, used 189209K [0x00000000eaa80000, 0x00000000fd200000, 0x0000000100000000)
  eden space 177152K, 100% used [0x00000000eaa80000,0x00000000f5780000,0x00000000f5780000)
  from space 31232K, 38% used [0x00000000f5780000,0x00000000f6346508,0x00000000f7600000)
  to   space 35328K, 0% used [0x00000000faf80000,0x00000000faf80000,0x00000000fd200000)
 ParOldGen       total 125952K, used 75101K [0x00000000c0000000, 0x00000000c7b00000, 0x00000000eaa80000)
  object space 125952K, 59% used [0x00000000c0000000,0x00000000c4957760,0x00000000c7b00000)
 PSPermGen       total 21504K, used 6451K [0x00000000b5a00000, 0x00000000b6f00000, 0x00000000c0000000)
  object space 21504K, 30% used [0x00000000b5a00000,0x00000000b604cf50,0x00000000b6f00000)
Event: 13,144 GC heap after
Heap after GC invocations=14 (full 2):
 PSYoungGen      total 263168K, used 29792K [0x00000000eaa80000, 0x00000000fdb00000, 0x0000000100000000)
  eden space 227840K, 0% used [0x00000000eaa80000,0x00000000eaa80000,0x00000000f8900000)
  from space 35328K, 84% used [0x00000000faf80000,0x00000000fcc98000,0x00000000fd200000)
  to   space 39424K, 0% used [0x00000000f8900000,0x00000000f8900000,0x00000000faf80000)
 ParOldGen       total 125952K, used 86410K [0x00000000c0000000, 0x00000000c7b00000, 0x00000000eaa80000)
  object space 125952K, 68% used [0x00000000c0000000,0x00000000c5462888,0x00000000c7b00000)
 PSPermGen       total 21504K, used 6451K [0x00000000b5a00000, 0x00000000b6f00000, 0x00000000c0000000)
  object space 21504K, 30% used [0x00000000b5a00000,0x00000000b604cf50,0x00000000b6f00000)
}
Event: 14,428 GC heap before
{Heap before GC invocations=15 (full 2):
 PSYoungGen      total 263168K, used 257632K [0x00000000eaa80000, 0x00000000fdb00000, 0x0000000100000000)
  eden space 227840K, 100% used [0x00000000eaa80000,0x00000000f8900000,0x00000000f8900000)
  from space 35328K, 84% used [0x00000000faf80000,0x00000000fcc98000,0x00000000fd200000)
  to   space 39424K, 0% used [0x00000000f8900000,0x00000000f8900000,0x00000000faf80000)
 ParOldGen       total 125952K, used 86410K [0x00000000c0000000, 0x00000000c7b00000, 0x00000000eaa80000)
  object space 125952K, 68% used [0x00000000c0000000,0x00000000c5462888,0x00000000c7b00000)
 PSPermGen       total 21504K, used 6464K [0x00000000b5a00000, 0x00000000b6f00000, 0x00000000c0000000)
  object space 21504K, 30% used [0x00000000b5a00000,0x00000000b6050268,0x00000000b6f00000)

