# JRE version: OpenJDK Runtime Environment (7.0_95) (build 1.7.0_95-b00)
# Java VM: OpenJDK 64-Bit Server VM (24.95-b01 mixed mode linux-amd64 compressed oops)
Heap
 PSYoungGen      total 238080K, used 51537K [0x00000000eaa80000, 0x0000000100000000, 0x0000000100000000)
  eden space 148992K, 0% used [0x00000000eaa80000,0x00000000eaa80000,0x00000000f3c00000)
  from space 89088K, 57% used [0x00000000fa900000,0x00000000fdb544e8,0x0000000100000000)
  to   space 100352K, 0% used [0x00000000f3c00000,0x00000000f3c00000,0x00000000f9e00000)
 ParOldGen       total 181248K, used 180837K [0x00000000c0000000, 0x00000000cb100000, 0x00000000eaa80000)
  object space 181248K, 99% used [0x00000000c0000000,0x00000000cb099400,0x00000000cb100000)
 PSPermGen       total 21504K, used 6563K [0x00000000b5a00000, 0x00000000b6f00000, 0x00000000c0000000)
  object space 21504K, 30% used [0x00000000b5a00000,0x00000000b6068d68,0x00000000b6f00000)
GC Heap History (10 events):
Event: 12,878 GC heap after
Heap after GC invocations=12 (full 2):
 PSYoungGen      total 236032K, used 20307K [0x00000000eaa80000, 0x0000000100000000, 0x0000000100000000)
  eden space 210432K, 0% used [0x00000000eaa80000,0x00000000eaa80000,0x00000000f7800000)
  from space 25600K, 79% used [0x00000000fb000000,0x00000000fc3d4c28,0x00000000fc900000)
  to   space 57344K, 0% used [0x00000000f7800000,0x00000000f7800000,0x00000000fb000000)
 ParOldGen       total 169472K, used 95080K [0x00000000c0000000, 0x00000000ca580000, 0x00000000eaa80000)
  object space 169472K, 56% used [0x00000000c0000000,0x00000000c5cda0f0,0x00000000ca580000)
 PSPermGen       total 21504K, used 6454K [0x00000000b5a00000, 0x00000000b6f00000, 0x00000000c0000000)
  object space 21504K, 30% used [0x00000000b5a00000,0x00000000b604da40,0x00000000b6f00000)
}
Event: 13,888 GC heap before
{Heap before GC invocations=13 (full 2):
 PSYoungGen      total 236032K, used 230739K [0x00000000eaa80000, 0x0000000100000000, 0x0000000100000000)
  eden space 210432K, 100% used [0x00000000eaa80000,0x00000000f7800000,0x00000000f7800000)
  from space 25600K, 79% used [0x00000000fb000000,0x00000000fc3d4c28,0x00000000fc900000)
  to   space 57344K, 0% used [0x00000000f7800000,0x00000000f7800000,0x00000000fb000000)
 ParOldGen       total 169472K, used 95080K [0x00000000c0000000, 0x00000000ca580000, 0x00000000eaa80000)
  object space 169472K, 56% used [0x00000000c0000000,0x00000000c5cda0f0,0x00000000ca580000)
 PSPermGen       total 21504K, used 6468K [0x00000000b5a00000, 0x00000000b6f00000, 0x00000000c0000000)
  object space 21504K, 30% used [0x00000000b5a00000,0x00000000b60511b8,0x00000000b6f00000)
Event: 14,033 GC heap after
Heap after GC invocations=13 (full 2):
 PSYoungGen      total 267776K, used 54490K [0x00000000eaa80000, 0x0000000100000000, 0x0000000100000000)
  eden space 210432K, 0% used [0x00000000eaa80000,0x00000000eaa80000,0x00000000f7800000)
  from space 57344K, 95% used [0x00000000f7800000,0x00000000fad36910,0x00000000fb000000)
  to   space 66560K, 0% used [0x00000000fbf00000,0x00000000fbf00000,0x0000000100000000)
 ParOldGen       total 169472K, used 96096K [0x00000000c0000000, 0x00000000ca580000, 0x00000000eaa80000)
  object space 169472K, 56% used [0x00000000c0000000,0x00000000c5dd83b0,0x00000000ca580000)
 PSPermGen       total 21504K, used 6468K [0x00000000b5a00000, 0x00000000b6f00000, 0x00000000c0000000)
  object space 21504K, 30% used [0x00000000b5a00000,0x00000000b60511b8,0x00000000b6f00000)
}
Event: 14,689 GC heap before
{Heap before GC invocations=14 (full 2):
 PSYoungGen      total 267776K, used 264922K [0x00000000eaa80000, 0x0000000100000000, 0x0000000100000000)
  eden space 210432K, 100% used [0x00000000eaa80000,0x00000000f7800000,0x00000000f7800000)
  from space 57344K, 95% used [0x00000000f7800000,0x00000000fad36910,0x00000000fb000000)
  to   space 66560K, 0% used [0x00000000fbf00000,0x00000000fbf00000,0x0000000100000000)
 ParOldGen       total 169472K, used 96096K [0x00000000c0000000, 0x00000000ca580000, 0x00000000eaa80000)
  object space 169472K, 56% used [0x00000000c0000000,0x00000000c5dd83b0,0x00000000ca580000)
 PSPermGen       total 21504K, used 6489K [0x00000000b5a00000, 0x00000000b6f00000, 0x00000000c0000000)
  object space 21504K, 30% used [0x00000000b5a00000,0x00000000b6056570,0x00000000b6f00000)
Event: 15,211 GC heap after
Heap after GC invocations=14 (full 2):
 PSYoungGen      total 247296K, used 66552K [0x00000000eaa80000, 0x0000000100000000, 0x0000000100000000)
  eden space 180736K, 0% used [0x00000000eaa80000,0x00000000eaa80000,0x00000000f5b00000)
  from space 66560K, 99% used [0x00000000fbf00000,0x00000000ffffe2f8,0x0000000100000000)
  to   space 84480K, 0% used [0x00000000f5b00000,0x00000000f5b00000,0x00000000fad80000)
 ParOldGen       total 169472K, used 114022K [0x00000000c0000000, 0x00000000ca580000, 0x00000000eaa80000)
  object space 169472K, 67% used [0x00000000c0000000,0x00000000c6f599c0,0x00000000ca580000)
 PSPermGen       total 21504K, used 6489K [0x00000000b5a00000, 0x00000000b6f00000, 0x00000000c0000000)
  object space 21504K, 30% used [0x00000000b5a00000,0x00000000b6056570,0x00000000b6f00000)
}
Event: 31,732 GC heap before
{Heap before GC invocations=15 (full 2):
 PSYoungGen      total 247296K, used 247288K [0x00000000eaa80000, 0x0000000100000000, 0x0000000100000000)
  eden space 180736K, 100% used [0x00000000eaa80000,0x00000000f5b00000,0x00000000f5b00000)
  from space 66560K, 99% used [0x00000000fbf00000,0x00000000ffffe2f8,0x0000000100000000)
  to   space 84480K, 0% used [0x00000000f5b00000,0x00000000f5b00000,0x00000000fad80000)
 ParOldGen       total 169472K, used 114022K [0x00000000c0000000, 0x00000000ca580000, 0x00000000eaa80000)
  object space 169472K, 67% used [0x00000000c0000000,0x00000000c6f599c0,0x00000000ca580000)
 PSPermGen       total 21504K, used 6491K [0x00000000b5a00000, 0x00000000b6f00000, 0x00000000c0000000)
  object space 21504K, 30% used [0x00000000b5a00000,0x00000000b6056f00,0x00000000b6f00000)
Event: 32,949 GC heap after
Heap after GC invocations=15 (full 2):
 PSYoungGen      total 260608K, used 79686K [0x00000000eaa80000, 0x0000000100000000, 0x0000000100000000)
  eden space 180736K, 0% used [0x00000000eaa80000,0x00000000eaa80000,0x00000000f5b00000)
  from space 79872K, 99% used [0x00000000f5b00000,0x00000000fa8d1970,0x00000000fa900000)
  to   space 89088K, 0% used [0x00000000fa900000,0x00000000fa900000,0x0000000100000000)
 ParOldGen       total 169472K, used 132339K [0x00000000c0000000, 0x00000000ca580000, 0x00000000eaa80000)
  object space 169472K, 78% used [0x00000000c0000000,0x00000000c813cd70,0x00000000ca580000)
 PSPermGen       total 21504K, used 6491K [0x00000000b5a00000, 0x00000000b6f00000, 0x00000000c0000000)
  object space 21504K, 30% used [0x00000000b5a00000,0x00000000b6056f00,0x00000000b6f00000)
}
Event: 35,029 GC heap before
{Heap before GC invocations=16 (full 2):
 PSYoungGen      total 260608K, used 260422K [0x00000000eaa80000, 0x0000000100000000, 0x0000000100000000)
  eden space 180736K, 100% used [0x00000000eaa80000,0x00000000f5b00000,0x00000000f5b00000)
  from space 79872K, 99% used [0x00000000f5b00000,0x00000000fa8d1970,0x00000000fa900000)
  to   space 89088K, 0% used [0x00000000fa900000,0x00000000fa900000,0x0000000100000000)
 ParOldGen       total 169472K, used 132339K [0x00000000c0000000, 0x00000000ca580000, 0x00000000eaa80000)
  object space 169472K, 78% used [0x00000000c0000000,0x00000000c813cd70,0x00000000ca580000)
 PSPermGen       total 21504K, used 6563K [0x00000000b5a00000, 0x00000000b6f00000, 0x00000000c0000000)
  object space 21504K, 30% used [0x00000000b5a00000,0x00000000b6068fb8,0x00000000b6f00000)
Event: 35,194 GC heap after
Heap after GC invocations=16 (full 2):
 PSYoungGen      total 238080K, used 58074K [0x00000000eaa80000, 0x0000000100000000, 0x0000000100000000)
  eden space 148992K, 0% used [0x00000000eaa80000,0x00000000eaa80000,0x00000000f3c00000)
  from space 89088K, 65% used [0x00000000fa900000,0x00000000fe1b6b58,0x0000000100000000)
  to   space 100352K, 0% used [0x00000000f3c00000,0x00000000f3c00000,0x00000000f9e00000)
 ParOldGen       total 181248K, used 180657K [0x00000000c0000000, 0x00000000cb100000, 0x00000000eaa80000)
  object space 181248K, 99% used [0x00000000c0000000,0x00000000cb06c478,0x00000000cb100000)
 PSPermGen       total 21504K, used 6563K [0x00000000b5a00000, 0x00000000b6f00000, 0x00000000c0000000)
  object space 21504K, 30% used [0x00000000b5a00000,0x00000000b6068fb8,0x00000000b6f00000)
}
Event: 35,195 GC heap before
{Heap before GC invocations=17 (full 3):
 PSYoungGen      total 238080K, used 58074K [0x00000000eaa80000, 0x0000000100000000, 0x0000000100000000)
  eden space 148992K, 0% used [0x00000000eaa80000,0x00000000eaa80000,0x00000000f3c00000)
  from space 89088K, 65% used [0x00000000fa900000,0x00000000fe1b6b58,0x0000000100000000)
  to   space 100352K, 0% used [0x00000000f3c00000,0x00000000f3c00000,0x00000000f9e00000)
 ParOldGen       total 181248K, used 180657K [0x00000000c0000000, 0x00000000cb100000, 0x00000000eaa80000)
  object space 181248K, 99% used [0x00000000c0000000,0x00000000cb06c478,0x00000000cb100000)
 PSPermGen       total 21504K, used 6563K [0x00000000b5a00000, 0x00000000b6f00000, 0x00000000c0000000)
  object space 21504K, 30% used [0x00000000b5a00000,0x00000000b6068fb8,0x00000000b6f00000)

