# JRE version: OpenJDK Runtime Environment (7.0_95) (build 1.7.0_95-b00)
# Java VM: OpenJDK 64-Bit Server VM (24.95-b01 mixed mode linux-amd64 compressed oops)
Heap
 PSYoungGen      total 189952K, used 25977K [0x00000000eaa80000, 0x00000000f9480000, 0x0000000100000000)
  eden space 157696K, 0% used [0x00000000eaa80000,0x00000000eaa80000,0x00000000f4480000)
  from space 32256K, 80% used [0x00000000f5580000,0x00000000f6ede650,0x00000000f7500000)
  to   space 20480K, 0% used [0x00000000f8080000,0x00000000f8080000,0x00000000f9480000)
 ParOldGen       total 74752K, used 63201K [0x00000000c0000000, 0x00000000c4900000, 0x00000000eaa80000)
  object space 74752K, 84% used [0x00000000c0000000,0x00000000c3db85a8,0x00000000c4900000)
 PSPermGen       total 21504K, used 6420K [0x00000000b5a00000, 0x00000000b6f00000, 0x00000000c0000000)
  object space 21504K, 29% used [0x00000000b5a00000,0x00000000b6045030,0x00000000b6f00000)
GC Heap History (10 events):
Event: 4,079 GC heap after
Heap after GC invocations=7 (full 0):
 PSYoungGen      total 71680K, used 10224K [0x00000000eaa80000, 0x00000000f4280000, 0x0000000100000000)
  eden space 61440K, 0% used [0x00000000eaa80000,0x00000000eaa80000,0x00000000ee680000)
  from space 10240K, 99% used [0x00000000ee680000,0x00000000ef07c288,0x00000000ef080000)
  to   space 16384K, 0% used [0x00000000f3280000,0x00000000f3280000,0x00000000f4280000)
 ParOldGen       total 40960K, used 15140K [0x00000000c0000000, 0x00000000c2800000, 0x00000000eaa80000)
  object space 40960K, 36% used [0x00000000c0000000,0x00000000c0ec9310,0x00000000c2800000)
 PSPermGen       total 21504K, used 6297K [0x00000000b5a00000, 0x00000000b6f00000, 0x00000000c0000000)
  object space 21504K, 29% used [0x00000000b5a00000,0x00000000b60266f8,0x00000000b6f00000)
}
Event: 4,895 GC heap before
{Heap before GC invocations=8 (full 0):
 PSYoungGen      total 71680K, used 71664K [0x00000000eaa80000, 0x00000000f4280000, 0x0000000100000000)
  eden space 61440K, 100% used [0x00000000eaa80000,0x00000000ee680000,0x00000000ee680000)
  from space 10240K, 99% used [0x00000000ee680000,0x00000000ef07c288,0x00000000ef080000)
  to   space 16384K, 0% used [0x00000000f3280000,0x00000000f3280000,0x00000000f4280000)
 ParOldGen       total 40960K, used 15140K [0x00000000c0000000, 0x00000000c2800000, 0x00000000eaa80000)
  object space 40960K, 36% used [0x00000000c0000000,0x00000000c0ec9310,0x00000000c2800000)
 PSPermGen       total 21504K, used 6317K [0x00000000b5a00000, 0x00000000b6f00000, 0x00000000c0000000)
  object space 21504K, 29% used [0x00000000b5a00000,0x00000000b602b600,0x00000000b6f00000)
Event: 5,127 GC heap after
Heap after GC invocations=8 (full 0):
 PSYoungGen      total 134144K, used 16359K [0x00000000eaa80000, 0x00000000f4c80000, 0x0000000100000000)
  eden space 117760K, 0% used [0x00000000eaa80000,0x00000000eaa80000,0x00000000f1d80000)
  from space 16384K, 99% used [0x00000000f3280000,0x00000000f4279d18,0x00000000f4280000)
  to   space 21504K, 0% used [0x00000000f1d80000,0x00000000f1d80000,0x00000000f3280000)
 ParOldGen       total 40960K, used 19380K [0x00000000c0000000, 0x00000000c2800000, 0x00000000eaa80000)
  object space 40960K, 47% used [0x00000000c0000000,0x00000000c12ed180,0x00000000c2800000)
 PSPermGen       total 21504K, used 6317K [0x00000000b5a00000, 0x00000000b6f00000, 0x00000000c0000000)
  object space 21504K, 29% used [0x00000000b5a00000,0x00000000b602b600,0x00000000b6f00000)
}
Event: 6,499 GC heap before
{Heap before GC invocations=9 (full 0):
 PSYoungGen      total 134144K, used 134119K [0x00000000eaa80000, 0x00000000f4c80000, 0x0000000100000000)
  eden space 117760K, 100% used [0x00000000eaa80000,0x00000000f1d80000,0x00000000f1d80000)
  from space 16384K, 99% used [0x00000000f3280000,0x00000000f4279d18,0x00000000f4280000)
  to   space 21504K, 0% used [0x00000000f1d80000,0x00000000f1d80000,0x00000000f3280000)
 ParOldGen       total 40960K, used 19380K [0x00000000c0000000, 0x00000000c2800000, 0x00000000eaa80000)
  object space 40960K, 47% used [0x00000000c0000000,0x00000000c12ed180,0x00000000c2800000)
 PSPermGen       total 21504K, used 6388K [0x00000000b5a00000, 0x00000000b6f00000, 0x00000000c0000000)
  object space 21504K, 29% used [0x00000000b5a00000,0x00000000b603d058,0x00000000b6f00000)
Event: 6,649 GC heap after
Heap after GC invocations=9 (full 0):
 PSYoungGen      total 139264K, used 21486K [0x00000000eaa80000, 0x00000000f9e80000, 0x0000000100000000)
  eden space 117760K, 0% used [0x00000000eaa80000,0x00000000eaa80000,0x00000000f1d80000)
  from space 21504K, 99% used [0x00000000f1d80000,0x00000000f327b968,0x00000000f3280000)
  to   space 30720K, 0% used [0x00000000f8080000,0x00000000f8080000,0x00000000f9e80000)
 ParOldGen       total 40960K, used 32422K [0x00000000c0000000, 0x00000000c2800000, 0x00000000eaa80000)
  object space 40960K, 79% used [0x00000000c0000000,0x00000000c1fa9a30,0x00000000c2800000)
 PSPermGen       total 21504K, used 6388K [0x00000000b5a00000, 0x00000000b6f00000, 0x00000000c0000000)
  object space 21504K, 29% used [0x00000000b5a00000,0x00000000b603d058,0x00000000b6f00000)
}
Event: 6,787 GC heap before
{Heap before GC invocations=10 (full 1):
 PSYoungGen      total 139264K, used 21486K [0x00000000eaa80000, 0x00000000f9e80000, 0x0000000100000000)
  eden space 117760K, 0% used [0x00000000eaa80000,0x00000000eaa80000,0x00000000f1d80000)
  from space 21504K, 99% used [0x00000000f1d80000,0x00000000f327b968,0x00000000f3280000)
  to   space 30720K, 0% used [0x00000000f8080000,0x00000000f8080000,0x00000000f9e80000)
 ParOldGen       total 40960K, used 32422K [0x00000000c0000000, 0x00000000c2800000, 0x00000000eaa80000)
  object space 40960K, 79% used [0x00000000c0000000,0x00000000c1fa9a30,0x00000000c2800000)
 PSPermGen       total 21504K, used 6388K [0x00000000b5a00000, 0x00000000b6f00000, 0x00000000c0000000)
  object space 21504K, 29% used [0x00000000b5a00000,0x00000000b603d058,0x00000000b6f00000)
Event: 7,173 GC heap after
Heap after GC invocations=10 (full 1):
 PSYoungGen      total 139264K, used 9636K [0x00000000eaa80000, 0x00000000f9e80000, 0x0000000100000000)
  eden space 117760K, 0% used [0x00000000eaa80000,0x00000000eaa80000,0x00000000f1d80000)
  from space 21504K, 44% used [0x00000000f1d80000,0x00000000f26e9310,0x00000000f3280000)
  to   space 30720K, 0% used [0x00000000f8080000,0x00000000f8080000,0x00000000f9e80000)
 ParOldGen       total 74752K, used 40860K [0x00000000c0000000, 0x00000000c4900000, 0x00000000eaa80000)
  object space 74752K, 54% used [0x00000000c0000000,0x00000000c27e7390,0x00000000c4900000)
 PSPermGen       total 21504K, used 6384K [0x00000000b5a00000, 0x00000000b6f00000, 0x00000000c0000000)
  object space 21504K, 29% used [0x00000000b5a00000,0x00000000b603c2a8,0x00000000b6f00000)
}
Event: 10,078 GC heap before
{Heap before GC invocations=11 (full 1):
 PSYoungGen      total 139264K, used 127396K [0x00000000eaa80000, 0x00000000f9e80000, 0x0000000100000000)
  eden space 117760K, 100% used [0x00000000eaa80000,0x00000000f1d80000,0x00000000f1d80000)
  from space 21504K, 44% used [0x00000000f1d80000,0x00000000f26e9310,0x00000000f3280000)
  to   space 30720K, 0% used [0x00000000f8080000,0x00000000f8080000,0x00000000f9e80000)
 ParOldGen       total 74752K, used 40860K [0x00000000c0000000, 0x00000000c4900000, 0x00000000eaa80000)
  object space 74752K, 54% used [0x00000000c0000000,0x00000000c27e7390,0x00000000c4900000)
 PSPermGen       total 21504K, used 6403K [0x00000000b5a00000, 0x00000000b6f00000, 0x00000000c0000000)
  object space 21504K, 29% used [0x00000000b5a00000,0x00000000b6040d80,0x00000000b6f00000)
Event: 10,225 GC heap after
Heap after GC invocations=11 (full 1):
 PSYoungGen      total 178176K, used 20448K [0x00000000eaa80000, 0x00000000f9480000, 0x0000000100000000)
  eden space 157696K, 0% used [0x00000000eaa80000,0x00000000eaa80000,0x00000000f4480000)
  from space 20480K, 99% used [0x00000000f8080000,0x00000000f9478000,0x00000000f9480000)
  to   space 32256K, 0% used [0x00000000f5580000,0x00000000f5580000,0x00000000f7500000)
 ParOldGen       total 74752K, used 43129K [0x00000000c0000000, 0x00000000c4900000, 0x00000000eaa80000)
  object space 74752K, 57% used [0x00000000c0000000,0x00000000c2a1e588,0x00000000c4900000)
 PSPermGen       total 21504K, used 6403K [0x00000000b5a00000, 0x00000000b6f00000, 0x00000000c0000000)
  object space 21504K, 29% used [0x00000000b5a00000,0x00000000b6040d80,0x00000000b6f00000)
}
Event: 11,391 GC heap before
{Heap before GC invocations=12 (full 1):
 PSYoungGen      total 178176K, used 178144K [0x00000000eaa80000, 0x00000000f9480000, 0x0000000100000000)
  eden space 157696K, 100% used [0x00000000eaa80000,0x00000000f4480000,0x00000000f4480000)
  from space 20480K, 99% used [0x00000000f8080000,0x00000000f9478000,0x00000000f9480000)
  to   space 32256K, 0% used [0x00000000f5580000,0x00000000f5580000,0x00000000f7500000)
 ParOldGen       total 74752K, used 43129K [0x00000000c0000000, 0x00000000c4900000, 0x00000000eaa80000)
  object space 74752K, 57% used [0x00000000c0000000,0x00000000c2a1e588,0x00000000c4900000)
 PSPermGen       total 21504K, used 6420K [0x00000000b5a00000, 0x00000000b6f00000, 0x00000000c0000000)
  object space 21504K, 29% used [0x00000000b5a00000,0x00000000b6045030,0x00000000b6f00000)

