# JRE version: OpenJDK Runtime Environment (7.0_95) (build 1.7.0_95-b00)
# Java VM: OpenJDK 64-Bit Server VM (24.95-b01 mixed mode linux-amd64 compressed oops)
Heap
 PSYoungGen      total 219136K, used 40943K [0x00000000eaa80000, 0x00000000fb000000, 0x0000000100000000)
  eden space 178176K, 0% used [0x00000000eaa80000,0x00000000eaa80000,0x00000000f5880000)
  from space 40960K, 99% used [0x00000000f8800000,0x00000000faffbf68,0x00000000fb000000)
  to   space 31232K, 0% used [0x00000000f5880000,0x00000000f5880000,0x00000000f7700000)
 ParOldGen       total 76288K, used 74770K [0x00000000c0000000, 0x00000000c4a80000, 0x00000000eaa80000)
  object space 76288K, 98% used [0x00000000c0000000,0x00000000c49048c8,0x00000000c4a80000)
 PSPermGen       total 21504K, used 6449K [0x00000000b5a00000, 0x00000000b6f00000, 0x00000000c0000000)
  object space 21504K, 29% used [0x00000000b5a00000,0x00000000b604c4c0,0x00000000b6f00000)
GC Heap History (10 events):
Event: 5,684 GC heap after
Heap after GC invocations=8 (full 0):
 PSYoungGen      total 135168K, used 16372K [0x00000000eaa80000, 0x00000000f4d80000, 0x0000000100000000)
  eden space 118784K, 0% used [0x00000000eaa80000,0x00000000eaa80000,0x00000000f1e80000)
  from space 16384K, 99% used [0x00000000f3380000,0x00000000f437d278,0x00000000f4380000)
  to   space 21504K, 0% used [0x00000000f1e80000,0x00000000f1e80000,0x00000000f3380000)
 ParOldGen       total 40960K, used 20269K [0x00000000c0000000, 0x00000000c2800000, 0x00000000eaa80000)
  object space 40960K, 49% used [0x00000000c0000000,0x00000000c13cb488,0x00000000c2800000)
 PSPermGen       total 21504K, used 6317K [0x00000000b5a00000, 0x00000000b6f00000, 0x00000000c0000000)
  object space 21504K, 29% used [0x00000000b5a00000,0x00000000b602b720,0x00000000b6f00000)
}
Event: 7,801 GC heap before
{Heap before GC invocations=9 (full 0):
 PSYoungGen      total 135168K, used 135156K [0x00000000eaa80000, 0x00000000f4d80000, 0x0000000100000000)
  eden space 118784K, 100% used [0x00000000eaa80000,0x00000000f1e80000,0x00000000f1e80000)
  from space 16384K, 99% used [0x00000000f3380000,0x00000000f437d278,0x00000000f4380000)
  to   space 21504K, 0% used [0x00000000f1e80000,0x00000000f1e80000,0x00000000f3380000)
 ParOldGen       total 40960K, used 20269K [0x00000000c0000000, 0x00000000c2800000, 0x00000000eaa80000)
  object space 40960K, 49% used [0x00000000c0000000,0x00000000c13cb488,0x00000000c2800000)
 PSPermGen       total 21504K, used 6392K [0x00000000b5a00000, 0x00000000b6f00000, 0x00000000c0000000)
  object space 21504K, 29% used [0x00000000b5a00000,0x00000000b603e290,0x00000000b6f00000)
Event: 7,966 GC heap after
Heap after GC invocations=9 (full 0):
 PSYoungGen      total 140288K, used 21485K [0x00000000eaa80000, 0x00000000f9e80000, 0x0000000100000000)
  eden space 118784K, 0% used [0x00000000eaa80000,0x00000000eaa80000,0x00000000f1e80000)
  from space 21504K, 99% used [0x00000000f1e80000,0x00000000f337b790,0x00000000f3380000)
  to   space 29696K, 0% used [0x00000000f8180000,0x00000000f8180000,0x00000000f9e80000)
 ParOldGen       total 40960K, used 31225K [0x00000000c0000000, 0x00000000c2800000, 0x00000000eaa80000)
  object space 40960K, 76% used [0x00000000c0000000,0x00000000c1e7e5e8,0x00000000c2800000)
 PSPermGen       total 21504K, used 6392K [0x00000000b5a00000, 0x00000000b6f00000, 0x00000000c0000000)
  object space 21504K, 29% used [0x00000000b5a00000,0x00000000b603e290,0x00000000b6f00000)
}
Event: 7,967 GC heap before
{Heap before GC invocations=10 (full 1):
 PSYoungGen      total 140288K, used 21485K [0x00000000eaa80000, 0x00000000f9e80000, 0x0000000100000000)
  eden space 118784K, 0% used [0x00000000eaa80000,0x00000000eaa80000,0x00000000f1e80000)
  from space 21504K, 99% used [0x00000000f1e80000,0x00000000f337b790,0x00000000f3380000)
  to   space 29696K, 0% used [0x00000000f8180000,0x00000000f8180000,0x00000000f9e80000)
 ParOldGen       total 40960K, used 31225K [0x00000000c0000000, 0x00000000c2800000, 0x00000000eaa80000)
  object space 40960K, 76% used [0x00000000c0000000,0x00000000c1e7e5e8,0x00000000c2800000)
 PSPermGen       total 21504K, used 6392K [0x00000000b5a00000, 0x00000000b6f00000, 0x00000000c0000000)
  object space 21504K, 29% used [0x00000000b5a00000,0x00000000b603e290,0x00000000b6f00000)
Event: 8,499 GC heap after
Heap after GC invocations=10 (full 1):
 PSYoungGen      total 140288K, used 8659K [0x00000000eaa80000, 0x00000000f9e80000, 0x0000000100000000)
  eden space 118784K, 0% used [0x00000000eaa80000,0x00000000eaa80000,0x00000000f1e80000)
  from space 21504K, 40% used [0x00000000f1e80000,0x00000000f26f4ee0,0x00000000f3380000)
  to   space 29696K, 0% used [0x00000000f8180000,0x00000000f8180000,0x00000000f9e80000)
 ParOldGen       total 76288K, used 40618K [0x00000000c0000000, 0x00000000c4a80000, 0x00000000eaa80000)
  object space 76288K, 53% used [0x00000000c0000000,0x00000000c27aa9c0,0x00000000c4a80000)
 PSPermGen       total 21504K, used 6388K [0x00000000b5a00000, 0x00000000b6f00000, 0x00000000c0000000)
  object space 21504K, 29% used [0x00000000b5a00000,0x00000000b603d3a0,0x00000000b6f00000)
}
Event: 9,531 GC heap before
{Heap before GC invocations=11 (full 1):
 PSYoungGen      total 140288K, used 127443K [0x00000000eaa80000, 0x00000000f9e80000, 0x0000000100000000)
  eden space 118784K, 100% used [0x00000000eaa80000,0x00000000f1e80000,0x00000000f1e80000)
  from space 21504K, 40% used [0x00000000f1e80000,0x00000000f26f4ee0,0x00000000f3380000)
  to   space 29696K, 0% used [0x00000000f8180000,0x00000000f8180000,0x00000000f9e80000)
 ParOldGen       total 76288K, used 40618K [0x00000000c0000000, 0x00000000c4a80000, 0x00000000eaa80000)
  object space 76288K, 53% used [0x00000000c0000000,0x00000000c27aa9c0,0x00000000c4a80000)
 PSPermGen       total 21504K, used 6410K [0x00000000b5a00000, 0x00000000b6f00000, 0x00000000c0000000)
  object space 21504K, 29% used [0x00000000b5a00000,0x00000000b6042a20,0x00000000b6f00000)
Event: 9,582 GC heap after
Heap after GC invocations=11 (full 1):
 PSYoungGen      total 168448K, used 20120K [0x00000000eaa80000, 0x00000000f9580000, 0x0000000100000000)
  eden space 147968K, 0% used [0x00000000eaa80000,0x00000000eaa80000,0x00000000f3b00000)
  from space 20480K, 98% used [0x00000000f8180000,0x00000000f95261e8,0x00000000f9580000)
  to   space 31232K, 0% used [0x00000000f5880000,0x00000000f5880000,0x00000000f7700000)
 ParOldGen       total 76288K, used 43607K [0x00000000c0000000, 0x00000000c4a80000, 0x00000000eaa80000)
  object space 76288K, 57% used [0x00000000c0000000,0x00000000c2a95ec8,0x00000000c4a80000)
 PSPermGen       total 21504K, used 6410K [0x00000000b5a00000, 0x00000000b6f00000, 0x00000000c0000000)
  object space 21504K, 29% used [0x00000000b5a00000,0x00000000b6042a20,0x00000000b6f00000)
}
Event: 10,741 GC heap before
{Heap before GC invocations=12 (full 1):
 PSYoungGen      total 168448K, used 168088K [0x00000000eaa80000, 0x00000000f9580000, 0x0000000100000000)
  eden space 147968K, 100% used [0x00000000eaa80000,0x00000000f3b00000,0x00000000f3b00000)
  from space 20480K, 98% used [0x00000000f8180000,0x00000000f95261e8,0x00000000f9580000)
  to   space 31232K, 0% used [0x00000000f5880000,0x00000000f5880000,0x00000000f7700000)
 ParOldGen       total 76288K, used 43607K [0x00000000c0000000, 0x00000000c4a80000, 0x00000000eaa80000)
  object space 76288K, 57% used [0x00000000c0000000,0x00000000c2a95ec8,0x00000000c4a80000)
 PSPermGen       total 21504K, used 6424K [0x00000000b5a00000, 0x00000000b6f00000, 0x00000000c0000000)
  object space 21504K, 29% used [0x00000000b5a00000,0x00000000b6046210,0x00000000b6f00000)
Event: 10,809 GC heap after
Heap after GC invocations=12 (full 1):
 PSYoungGen      total 209408K, used 31206K [0x00000000eaa80000, 0x00000000fb000000, 0x0000000100000000)
  eden space 178176K, 0% used [0x00000000eaa80000,0x00000000eaa80000,0x00000000f5880000)
  from space 31232K, 99% used [0x00000000f5880000,0x00000000f76f9950,0x00000000f7700000)
  to   space 40960K, 0% used [0x00000000f8800000,0x00000000f8800000,0x00000000fb000000)
 ParOldGen       total 76288K, used 55202K [0x00000000c0000000, 0x00000000c4a80000, 0x00000000eaa80000)
  object space 76288K, 72% used [0x00000000c0000000,0x00000000c35e8820,0x00000000c4a80000)
 PSPermGen       total 21504K, used 6424K [0x00000000b5a00000, 0x00000000b6f00000, 0x00000000c0000000)
  object space 21504K, 29% used [0x00000000b5a00000,0x00000000b6046210,0x00000000b6f00000)
}
Event: 12,001 GC heap before
{Heap before GC invocations=13 (full 1):
 PSYoungGen      total 209408K, used 209382K [0x00000000eaa80000, 0x00000000fb000000, 0x0000000100000000)
  eden space 178176K, 100% used [0x00000000eaa80000,0x00000000f5880000,0x00000000f5880000)
  from space 31232K, 99% used [0x00000000f5880000,0x00000000f76f9950,0x00000000f7700000)
  to   space 40960K, 0% used [0x00000000f8800000,0x00000000f8800000,0x00000000fb000000)
 ParOldGen       total 76288K, used 55202K [0x00000000c0000000, 0x00000000c4a80000, 0x00000000eaa80000)
  object space 76288K, 72% used [0x00000000c0000000,0x00000000c35e8820,0x00000000c4a80000)
 PSPermGen       total 21504K, used 6449K [0x00000000b5a00000, 0x00000000b6f00000, 0x00000000c0000000)
  object space 21504K, 29% used [0x00000000b5a00000,0x00000000b604c4c0,0x00000000b6f00000)

