# JRE version: OpenJDK Runtime Environment (7.0_101) (build 1.7.0_101-b00)
# Java VM: OpenJDK 64-Bit Server VM (24.95-b01 mixed mode linux-amd64 compressed oops)
Heap
 PSYoungGen      total 248832K, used 0K [0x00000000eaa80000, 0x00000000ffc80000, 0x0000000100000000)
  eden space 147968K, 0% used [0x00000000eaa80000,0x00000000eaa80000,0x00000000f3b00000)
  from space 100864K, 0% used [0x00000000f3b00000,0x00000000f3b00000,0x00000000f9d80000)
  to   space 96768K, 0% used [0x00000000f9e00000,0x00000000f9e00000,0x00000000ffc80000)
 ParOldGen       total 282624K, used 255027K [0x00000000c0000000, 0x00000000d1400000, 0x00000000eaa80000)
  object space 282624K, 90% used [0x00000000c0000000,0x00000000cf90cca0,0x00000000d1400000)
 PSPermGen       total 21504K, used 6651K [0x00000000b5a00000, 0x00000000b6f00000, 0x00000000c0000000)
  object space 21504K, 30% used [0x00000000b5a00000,0x00000000b607eeb8,0x00000000b6f00000)
GC Heap History (10 events):
Event: 13,600 GC heap after
Heap after GC invocations=14 (full 2):
 PSYoungGen      total 243712K, used 68067K [0x00000000eaa80000, 0x0000000100000000, 0x0000000100000000)
  eden space 175616K, 0% used [0x00000000eaa80000,0x00000000eaa80000,0x00000000f5600000)
  from space 68096K, 99% used [0x00000000fbd80000,0x00000000ffff8ef8,0x0000000100000000)
  to   space 87040K, 0% used [0x00000000f5600000,0x00000000f5600000,0x00000000fab00000)
 ParOldGen       total 164352K, used 112833K [0x00000000c0000000, 0x00000000ca080000, 0x00000000eaa80000)
  object space 164352K, 68% used [0x00000000c0000000,0x00000000c6e30748,0x00000000ca080000)
 PSPermGen       total 21504K, used 6573K [0x00000000b5a00000, 0x00000000b6f00000, 0x00000000c0000000)
  object space 21504K, 30% used [0x00000000b5a00000,0x00000000b606b568,0x00000000b6f00000)
}
Event: 14,044 GC heap before
{Heap before GC invocations=15 (full 2):
 PSYoungGen      total 243712K, used 243683K [0x00000000eaa80000, 0x0000000100000000, 0x0000000100000000)
  eden space 175616K, 100% used [0x00000000eaa80000,0x00000000f5600000,0x00000000f5600000)
  from space 68096K, 99% used [0x00000000fbd80000,0x00000000ffff8ef8,0x0000000100000000)
  to   space 87040K, 0% used [0x00000000f5600000,0x00000000f5600000,0x00000000fab00000)
 ParOldGen       total 164352K, used 112833K [0x00000000c0000000, 0x00000000ca080000, 0x00000000eaa80000)
  object space 164352K, 68% used [0x00000000c0000000,0x00000000c6e30748,0x00000000ca080000)
 PSPermGen       total 21504K, used 6576K [0x00000000b5a00000, 0x00000000b6f00000, 0x00000000c0000000)
  object space 21504K, 30% used [0x00000000b5a00000,0x00000000b606c358,0x00000000b6f00000)
Event: 14,294 GC heap after
Heap after GC invocations=15 (full 2):
 PSYoungGen      total 253440K, used 77690K [0x00000000eaa80000, 0x0000000100000000, 0x0000000100000000)
  eden space 175616K, 0% used [0x00000000eaa80000,0x00000000eaa80000,0x00000000f5600000)
  from space 77824K, 99% used [0x00000000f5600000,0x00000000fa1dead0,0x00000000fa200000)
  to   space 96256K, 0% used [0x00000000fa200000,0x00000000fa200000,0x0000000100000000)
 ParOldGen       total 164352K, used 133032K [0x00000000c0000000, 0x00000000ca080000, 0x00000000eaa80000)
  object space 164352K, 80% used [0x00000000c0000000,0x00000000c81ea1c0,0x00000000ca080000)
 PSPermGen       total 21504K, used 6576K [0x00000000b5a00000, 0x00000000b6f00000, 0x00000000c0000000)
  object space 21504K, 30% used [0x00000000b5a00000,0x00000000b606c358,0x00000000b6f00000)
}
Event: 14,769 GC heap before
{Heap before GC invocations=16 (full 2):
 PSYoungGen      total 253440K, used 253306K [0x00000000eaa80000, 0x0000000100000000, 0x0000000100000000)
  eden space 175616K, 100% used [0x00000000eaa80000,0x00000000f5600000,0x00000000f5600000)
  from space 77824K, 99% used [0x00000000f5600000,0x00000000fa1dead0,0x00000000fa200000)
  to   space 96256K, 0% used [0x00000000fa200000,0x00000000fa200000,0x0000000100000000)
 ParOldGen       total 164352K, used 133032K [0x00000000c0000000, 0x00000000ca080000, 0x00000000eaa80000)
  object space 164352K, 80% used [0x00000000c0000000,0x00000000c81ea1c0,0x00000000ca080000)
 PSPermGen       total 21504K, used 6583K [0x00000000b5a00000, 0x00000000b6f00000, 0x00000000c0000000)
  object space 21504K, 30% used [0x00000000b5a00000,0x00000000b606ddf8,0x00000000b6f00000)
Event: 14,887 GC heap after
Heap after GC invocations=16 (full 2):
 PSYoungGen      total 244224K, used 57696K [0x00000000eaa80000, 0x0000000100000000, 0x0000000100000000)
  eden space 147968K, 0% used [0x00000000eaa80000,0x00000000eaa80000,0x00000000f3b00000)
  from space 96256K, 59% used [0x00000000fa200000,0x00000000fda58008,0x0000000100000000)
  to   space 100864K, 0% used [0x00000000f3b00000,0x00000000f3b00000,0x00000000f9d80000)
 ParOldGen       total 181248K, used 180873K [0x00000000c0000000, 0x00000000cb100000, 0x00000000eaa80000)
  object space 181248K, 99% used [0x00000000c0000000,0x00000000cb0a2790,0x00000000cb100000)
 PSPermGen       total 21504K, used 6583K [0x00000000b5a00000, 0x00000000b6f00000, 0x00000000c0000000)
  object space 21504K, 30% used [0x00000000b5a00000,0x00000000b606ddf8,0x00000000b6f00000)
}
Event: 14,887 GC heap before
{Heap before GC invocations=17 (full 3):
 PSYoungGen      total 244224K, used 57696K [0x00000000eaa80000, 0x0000000100000000, 0x0000000100000000)
  eden space 147968K, 0% used [0x00000000eaa80000,0x00000000eaa80000,0x00000000f3b00000)
  from space 96256K, 59% used [0x00000000fa200000,0x00000000fda58008,0x0000000100000000)
  to   space 100864K, 0% used [0x00000000f3b00000,0x00000000f3b00000,0x00000000f9d80000)
 ParOldGen       total 181248K, used 180873K [0x00000000c0000000, 0x00000000cb100000, 0x00000000eaa80000)
  object space 181248K, 99% used [0x00000000c0000000,0x00000000cb0a2790,0x00000000cb100000)
 PSPermGen       total 21504K, used 6583K [0x00000000b5a00000, 0x00000000b6f00000, 0x00000000c0000000)
  object space 21504K, 30% used [0x00000000b5a00000,0x00000000b606ddf8,0x00000000b6f00000)
Event: 16,133 GC heap after
Heap after GC invocations=17 (full 3):
 PSYoungGen      total 244224K, used 52719K [0x00000000eaa80000, 0x0000000100000000, 0x0000000100000000)
  eden space 147968K, 0% used [0x00000000eaa80000,0x00000000eaa80000,0x00000000f3b00000)
  from space 96256K, 54% used [0x00000000fa200000,0x00000000fd57bda0,0x0000000100000000)
  to   space 100864K, 0% used [0x00000000f3b00000,0x00000000f3b00000,0x00000000f9d80000)
 ParOldGen       total 282624K, used 180839K [0x00000000c0000000, 0x00000000d1400000, 0x00000000eaa80000)
  object space 282624K, 63% used [0x00000000c0000000,0x00000000cb099c00,0x00000000d1400000)
 PSPermGen       total 21504K, used 6582K [0x00000000b5a00000, 0x00000000b6f00000, 0x00000000c0000000)
  object space 21504K, 30% used [0x00000000b5a00000,0x00000000b606dbf8,0x00000000b6f00000)
}
Event: 17,380 GC heap before
{Heap before GC invocations=18 (full 3):
 PSYoungGen      total 244224K, used 200687K [0x00000000eaa80000, 0x0000000100000000, 0x0000000100000000)
  eden space 147968K, 100% used [0x00000000eaa80000,0x00000000f3b00000,0x00000000f3b00000)
  from space 96256K, 54% used [0x00000000fa200000,0x00000000fd57bda0,0x0000000100000000)
  to   space 100864K, 0% used [0x00000000f3b00000,0x00000000f3b00000,0x00000000f9d80000)
 ParOldGen       total 282624K, used 180839K [0x00000000c0000000, 0x00000000d1400000, 0x00000000eaa80000)
  object space 282624K, 63% used [0x00000000c0000000,0x00000000cb099c00,0x00000000d1400000)
 PSPermGen       total 21504K, used 6651K [0x00000000b5a00000, 0x00000000b6f00000, 0x00000000c0000000)
  object space 21504K, 30% used [0x00000000b5a00000,0x00000000b607ef68,0x00000000b6f00000)
Event: 17,545 GC heap after
Heap after GC invocations=18 (full 3):
 PSYoungGen      total 248832K, used 24929K [0x00000000eaa80000, 0x00000000ffc80000, 0x0000000100000000)
  eden space 147968K, 0% used [0x00000000eaa80000,0x00000000eaa80000,0x00000000f3b00000)
  from space 100864K, 24% used [0x00000000f3b00000,0x00000000f5358720,0x00000000f9d80000)
  to   space 96768K, 0% used [0x00000000f9e00000,0x00000000f9e00000,0x00000000ffc80000)
 ParOldGen       total 282624K, used 232749K [0x00000000c0000000, 0x00000000d1400000, 0x00000000eaa80000)
  object space 282624K, 82% used [0x00000000c0000000,0x00000000ce34b5b0,0x00000000d1400000)
 PSPermGen       total 21504K, used 6651K [0x00000000b5a00000, 0x00000000b6f00000, 0x00000000c0000000)
  object space 21504K, 30% used [0x00000000b5a00000,0x00000000b607ef68,0x00000000b6f00000)
}
Event: 17,545 GC heap before
{Heap before GC invocations=19 (full 4):
 PSYoungGen      total 248832K, used 24929K [0x00000000eaa80000, 0x00000000ffc80000, 0x0000000100000000)
  eden space 147968K, 0% used [0x00000000eaa80000,0x00000000eaa80000,0x00000000f3b00000)
  from space 100864K, 24% used [0x00000000f3b00000,0x00000000f5358720,0x00000000f9d80000)
  to   space 96768K, 0% used [0x00000000f9e00000,0x00000000f9e00000,0x00000000ffc80000)
 ParOldGen       total 282624K, used 232749K [0x00000000c0000000, 0x00000000d1400000, 0x00000000eaa80000)
  object space 282624K, 82% used [0x00000000c0000000,0x00000000ce34b5b0,0x00000000d1400000)
 PSPermGen       total 21504K, used 6651K [0x00000000b5a00000, 0x00000000b6f00000, 0x00000000c0000000)
  object space 21504K, 30% used [0x00000000b5a00000,0x00000000b607ef68,0x00000000b6f00000)

