# JRE version: OpenJDK Runtime Environment (7.0_95) (build 1.7.0_95-b00)
# Java VM: OpenJDK 64-Bit Server VM (24.95-b01 mixed mode linux-amd64 compressed oops)
Heap
 PSYoungGen      total 285184K, used 27762K [0x00000000eaa80000, 0x0000000100000000, 0x0000000100000000)
  eden space 245248K, 0% used [0x00000000eaa80000,0x00000000eaa80000,0x00000000f9a00000)
  from space 39936K, 69% used [0x00000000f9a00000,0x00000000fb51cbe8,0x00000000fc100000)
  to   space 56832K, 0% used [0x00000000fc880000,0x00000000fc880000,0x0000000100000000)
 ParOldGen       total 133120K, used 133073K [0x00000000c0000000, 0x00000000c8200000, 0x00000000eaa80000)
  object space 133120K, 99% used [0x00000000c0000000,0x00000000c81f44a0,0x00000000c8200000)
 PSPermGen       total 21504K, used 6481K [0x00000000b5a00000, 0x00000000b6f00000, 0x00000000c0000000)
  object space 21504K, 30% used [0x00000000b5a00000,0x00000000b6054428,0x00000000b6f00000)
GC Heap History (10 events):
Event: 8,531 GC heap after
Heap after GC invocations=9 (full 1):
 PSYoungGen      total 212480K, used 18823K [0x00000000eaa80000, 0x00000000fcb00000, 0x0000000100000000)
  eden space 193536K, 0% used [0x00000000eaa80000,0x00000000eaa80000,0x00000000f6780000)
  from space 18944K, 99% used [0x00000000fb880000,0x00000000fcae1e58,0x00000000fcb00000)
  to   space 29184K, 0% used [0x00000000f9200000,0x00000000f9200000,0x00000000fae80000)
 ParOldGen       total 77312K, used 40617K [0x00000000c0000000, 0x00000000c4b80000, 0x00000000eaa80000)
  object space 77312K, 52% used [0x00000000c0000000,0x00000000c27aa680,0x00000000c4b80000)
 PSPermGen       total 21504K, used 6409K [0x00000000b5a00000, 0x00000000b6f00000, 0x00000000c0000000)
  object space 21504K, 29% used [0x00000000b5a00000,0x00000000b6042580,0x00000000b6f00000)
}
Event: 10,725 GC heap before
{Heap before GC invocations=10 (full 1):
 PSYoungGen      total 212480K, used 212359K [0x00000000eaa80000, 0x00000000fcb00000, 0x0000000100000000)
  eden space 193536K, 100% used [0x00000000eaa80000,0x00000000f6780000,0x00000000f6780000)
  from space 18944K, 99% used [0x00000000fb880000,0x00000000fcae1e58,0x00000000fcb00000)
  to   space 29184K, 0% used [0x00000000f9200000,0x00000000f9200000,0x00000000fae80000)
 ParOldGen       total 77312K, used 40617K [0x00000000c0000000, 0x00000000c4b80000, 0x00000000eaa80000)
  object space 77312K, 52% used [0x00000000c0000000,0x00000000c27aa680,0x00000000c4b80000)
 PSPermGen       total 21504K, used 6433K [0x00000000b5a00000, 0x00000000b6f00000, 0x00000000c0000000)
  object space 21504K, 29% used [0x00000000b5a00000,0x00000000b6048668,0x00000000b6f00000)
Event: 10,805 GC heap after
Heap after GC invocations=10 (full 1):
 PSYoungGen      total 266240K, used 29160K [0x00000000eaa80000, 0x00000000ff700000, 0x0000000100000000)
  eden space 237056K, 0% used [0x00000000eaa80000,0x00000000eaa80000,0x00000000f9200000)
  from space 29184K, 99% used [0x00000000f9200000,0x00000000fae7a138,0x00000000fae80000)
  to   space 42496K, 0% used [0x00000000fcd80000,0x00000000fcd80000,0x00000000ff700000)
 ParOldGen       total 77312K, used 60649K [0x00000000c0000000, 0x00000000c4b80000, 0x00000000eaa80000)
  object space 77312K, 78% used [0x00000000c0000000,0x00000000c3b3a7c8,0x00000000c4b80000)
 PSPermGen       total 21504K, used 6433K [0x00000000b5a00000, 0x00000000b6f00000, 0x00000000c0000000)
  object space 21504K, 29% used [0x00000000b5a00000,0x00000000b6048668,0x00000000b6f00000)
}
Event: 10,805 GC heap before
{Heap before GC invocations=11 (full 2):
 PSYoungGen      total 266240K, used 29160K [0x00000000eaa80000, 0x00000000ff700000, 0x0000000100000000)
  eden space 237056K, 0% used [0x00000000eaa80000,0x00000000eaa80000,0x00000000f9200000)
  from space 29184K, 99% used [0x00000000f9200000,0x00000000fae7a138,0x00000000fae80000)
  to   space 42496K, 0% used [0x00000000fcd80000,0x00000000fcd80000,0x00000000ff700000)
 ParOldGen       total 77312K, used 60649K [0x00000000c0000000, 0x00000000c4b80000, 0x00000000eaa80000)
  object space 77312K, 78% used [0x00000000c0000000,0x00000000c3b3a7c8,0x00000000c4b80000)
 PSPermGen       total 21504K, used 6433K [0x00000000b5a00000, 0x00000000b6f00000, 0x00000000c0000000)
  object space 21504K, 29% used [0x00000000b5a00000,0x00000000b6048668,0x00000000b6f00000)
Event: 11,287 GC heap after
Heap after GC invocations=11 (full 2):
 PSYoungGen      total 266240K, used 10045K [0x00000000eaa80000, 0x00000000ff700000, 0x0000000100000000)
  eden space 237056K, 0% used [0x00000000eaa80000,0x00000000eaa80000,0x00000000f9200000)
  from space 29184K, 34% used [0x00000000f9200000,0x00000000f9bcf530,0x00000000fae80000)
  to   space 42496K, 0% used [0x00000000fcd80000,0x00000000fcd80000,0x00000000ff700000)
 ParOldGen       total 133120K, used 77004K [0x00000000c0000000, 0x00000000c8200000, 0x00000000eaa80000)
  object space 133120K, 57% used [0x00000000c0000000,0x00000000c4b33298,0x00000000c8200000)
 PSPermGen       total 21504K, used 6432K [0x00000000b5a00000, 0x00000000b6f00000, 0x00000000c0000000)
  object space 21504K, 29% used [0x00000000b5a00000,0x00000000b60483e8,0x00000000b6f00000)
}
Event: 12,884 GC heap before
{Heap before GC invocations=12 (full 2):
 PSYoungGen      total 266240K, used 247101K [0x00000000eaa80000, 0x00000000ff700000, 0x0000000100000000)
  eden space 237056K, 100% used [0x00000000eaa80000,0x00000000f9200000,0x00000000f9200000)
  from space 29184K, 34% used [0x00000000f9200000,0x00000000f9bcf530,0x00000000fae80000)
  to   space 42496K, 0% used [0x00000000fcd80000,0x00000000fcd80000,0x00000000ff700000)
 ParOldGen       total 133120K, used 77004K [0x00000000c0000000, 0x00000000c8200000, 0x00000000eaa80000)
  object space 133120K, 57% used [0x00000000c0000000,0x00000000c4b33298,0x00000000c8200000)
 PSPermGen       total 21504K, used 6461K [0x00000000b5a00000, 0x00000000b6f00000, 0x00000000c0000000)
  object space 21504K, 30% used [0x00000000b5a00000,0x00000000b604f530,0x00000000b6f00000)
Event: 12,987 GC heap after
Heap after GC invocations=12 (full 2):
 PSYoungGen      total 287744K, used 42478K [0x00000000eaa80000, 0x0000000100000000, 0x0000000100000000)
  eden space 245248K, 0% used [0x00000000eaa80000,0x00000000eaa80000,0x00000000f9a00000)
  from space 42496K, 99% used [0x00000000fcd80000,0x00000000ff6fb8a0,0x00000000ff700000)
  to   space 52224K, 0% used [0x00000000f9a00000,0x00000000f9a00000,0x00000000fcd00000)
 ParOldGen       total 133120K, used 82913K [0x00000000c0000000, 0x00000000c8200000, 0x00000000eaa80000)
  object space 133120K, 62% used [0x00000000c0000000,0x00000000c50f86a0,0x00000000c8200000)
 PSPermGen       total 21504K, used 6461K [0x00000000b5a00000, 0x00000000b6f00000, 0x00000000c0000000)
  object space 21504K, 30% used [0x00000000b5a00000,0x00000000b604f530,0x00000000b6f00000)
}
Event: 13,827 GC heap before
{Heap before GC invocations=13 (full 2):
 PSYoungGen      total 287744K, used 287726K [0x00000000eaa80000, 0x0000000100000000, 0x0000000100000000)
  eden space 245248K, 100% used [0x00000000eaa80000,0x00000000f9a00000,0x00000000f9a00000)
  from space 42496K, 99% used [0x00000000fcd80000,0x00000000ff6fb8a0,0x00000000ff700000)
  to   space 52224K, 0% used [0x00000000f9a00000,0x00000000f9a00000,0x00000000fcd00000)
 ParOldGen       total 133120K, used 82913K [0x00000000c0000000, 0x00000000c8200000, 0x00000000eaa80000)
  object space 133120K, 62% used [0x00000000c0000000,0x00000000c50f86a0,0x00000000c8200000)
 PSPermGen       total 21504K, used 6481K [0x00000000b5a00000, 0x00000000b6f00000, 0x00000000c0000000)
  object space 21504K, 30% used [0x00000000b5a00000,0x00000000b60546e8,0x00000000b6f00000)
Event: 13,961 GC heap after
Heap after GC invocations=13 (full 2):
 PSYoungGen      total 285184K, used 39727K [0x00000000eaa80000, 0x0000000100000000, 0x0000000100000000)
  eden space 245248K, 0% used [0x00000000eaa80000,0x00000000eaa80000,0x00000000f9a00000)
  from space 39936K, 99% used [0x00000000f9a00000,0x00000000fc0cbce8,0x00000000fc100000)
  to   space 56832K, 0% used [0x00000000fc880000,0x00000000fc880000,0x0000000100000000)
 ParOldGen       total 133120K, used 125040K [0x00000000c0000000, 0x00000000c8200000, 0x00000000eaa80000)
  object space 133120K, 93% used [0x00000000c0000000,0x00000000c7a1c208,0x00000000c8200000)
 PSPermGen       total 21504K, used 6481K [0x00000000b5a00000, 0x00000000b6f00000, 0x00000000c0000000)
  object space 21504K, 30% used [0x00000000b5a00000,0x00000000b60546e8,0x00000000b6f00000)
}
Event: 13,963 GC heap before
{Heap before GC invocations=14 (full 3):
 PSYoungGen      total 285184K, used 39727K [0x00000000eaa80000, 0x0000000100000000, 0x0000000100000000)
  eden space 245248K, 0% used [0x00000000eaa80000,0x00000000eaa80000,0x00000000f9a00000)
  from space 39936K, 99% used [0x00000000f9a00000,0x00000000fc0cbce8,0x00000000fc100000)
  to   space 56832K, 0% used [0x00000000fc880000,0x00000000fc880000,0x0000000100000000)
 ParOldGen       total 133120K, used 125040K [0x00000000c0000000, 0x00000000c8200000, 0x00000000eaa80000)
  object space 133120K, 93% used [0x00000000c0000000,0x00000000c7a1c208,0x00000000c8200000)
 PSPermGen       total 21504K, used 6481K [0x00000000b5a00000, 0x00000000b6f00000, 0x00000000c0000000)
  object space 21504K, 30% used [0x00000000b5a00000,0x00000000b60546e8,0x00000000b6f00000)

