# JRE version: OpenJDK Runtime Environment (7.0_95) (build 1.7.0_95-b00)
# Java VM: OpenJDK 64-Bit Server VM (24.95-b01 mixed mode linux-amd64 compressed oops)
Heap
 PSYoungGen      total 238080K, used 22856K [0x00000000eaa80000, 0x0000000100000000, 0x0000000100000000)
  eden space 210944K, 0% used [0x00000000eaa80000,0x00000000eaa80000,0x00000000f7880000)
  from space 27136K, 84% used [0x00000000fb100000,0x00000000fc7523e8,0x00000000fcb80000)
  to   space 57856K, 0% used [0x00000000f7880000,0x00000000f7880000,0x00000000fb100000)
 ParOldGen       total 95232K, used 94761K [0x00000000c0000000, 0x00000000c5d00000, 0x00000000eaa80000)
  object space 95232K, 99% used [0x00000000c0000000,0x00000000c5c8a788,0x00000000c5d00000)
 PSPermGen       total 21504K, used 6449K [0x00000000b5a00000, 0x00000000b6f00000, 0x00000000c0000000)
  object space 21504K, 29% used [0x00000000b5a00000,0x00000000b604c650,0x00000000b6f00000)
GC Heap History (10 events):
Event: 7,493 GC heap after
Heap after GC invocations=7 (full 0):
 PSYoungGen      total 141824K, used 16890K [0x00000000eaa80000, 0x00000000fd380000, 0x0000000100000000)
  eden space 124928K, 0% used [0x00000000eaa80000,0x00000000eaa80000,0x00000000f2480000)
  from space 16896K, 99% used [0x00000000f2480000,0x00000000f34fe9a0,0x00000000f3500000)
  to   space 27136K, 0% used [0x00000000fb900000,0x00000000fb900000,0x00000000fd380000)
 ParOldGen       total 40960K, used 33470K [0x00000000c0000000, 0x00000000c2800000, 0x00000000eaa80000)
  object space 40960K, 81% used [0x00000000c0000000,0x00000000c20afb40,0x00000000c2800000)
 PSPermGen       total 21504K, used 6371K [0x00000000b5a00000, 0x00000000b6f00000, 0x00000000c0000000)
  object space 21504K, 29% used [0x00000000b5a00000,0x00000000b6038e18,0x00000000b6f00000)
}
Event: 7,493 GC heap before
{Heap before GC invocations=8 (full 1):
 PSYoungGen      total 141824K, used 16890K [0x00000000eaa80000, 0x00000000fd380000, 0x0000000100000000)
  eden space 124928K, 0% used [0x00000000eaa80000,0x00000000eaa80000,0x00000000f2480000)
  from space 16896K, 99% used [0x00000000f2480000,0x00000000f34fe9a0,0x00000000f3500000)
  to   space 27136K, 0% used [0x00000000fb900000,0x00000000fb900000,0x00000000fd380000)
 ParOldGen       total 40960K, used 33470K [0x00000000c0000000, 0x00000000c2800000, 0x00000000eaa80000)
  object space 40960K, 81% used [0x00000000c0000000,0x00000000c20afb40,0x00000000c2800000)
 PSPermGen       total 21504K, used 6371K [0x00000000b5a00000, 0x00000000b6f00000, 0x00000000c0000000)
  object space 21504K, 29% used [0x00000000b5a00000,0x00000000b6038e18,0x00000000b6f00000)
Event: 7,887 GC heap after
Heap after GC invocations=8 (full 1):
 PSYoungGen      total 141824K, used 6122K [0x00000000eaa80000, 0x00000000fd380000, 0x0000000100000000)
  eden space 124928K, 0% used [0x00000000eaa80000,0x00000000eaa80000,0x00000000f2480000)
  from space 16896K, 36% used [0x00000000f2480000,0x00000000f2a7a8e0,0x00000000f3500000)
  to   space 27136K, 0% used [0x00000000fb900000,0x00000000fb900000,0x00000000fd380000)
 ParOldGen       total 82432K, used 40479K [0x00000000c0000000, 0x00000000c5080000, 0x00000000eaa80000)
  object space 82432K, 49% used [0x00000000c0000000,0x00000000c2787c50,0x00000000c5080000)
 PSPermGen       total 21504K, used 6367K [0x00000000b5a00000, 0x00000000b6f00000, 0x00000000c0000000)
  object space 21504K, 29% used [0x00000000b5a00000,0x00000000b6037e68,0x00000000b6f00000)
}
Event: 8,957 GC heap before
{Heap before GC invocations=9 (full 1):
 PSYoungGen      total 141824K, used 131050K [0x00000000eaa80000, 0x00000000fd380000, 0x0000000100000000)
  eden space 124928K, 100% used [0x00000000eaa80000,0x00000000f2480000,0x00000000f2480000)
  from space 16896K, 36% used [0x00000000f2480000,0x00000000f2a7a8e0,0x00000000f3500000)
  to   space 27136K, 0% used [0x00000000fb900000,0x00000000fb900000,0x00000000fd380000)
 ParOldGen       total 82432K, used 40479K [0x00000000c0000000, 0x00000000c5080000, 0x00000000eaa80000)
  object space 82432K, 49% used [0x00000000c0000000,0x00000000c2787c50,0x00000000c5080000)
 PSPermGen       total 21504K, used 6402K [0x00000000b5a00000, 0x00000000b6f00000, 0x00000000c0000000)
  object space 21504K, 29% used [0x00000000b5a00000,0x00000000b60409f8,0x00000000b6f00000)
Event: 9,005 GC heap after
Heap after GC invocations=9 (full 1):
 PSYoungGen      total 189952K, used 21519K [0x00000000eaa80000, 0x00000000fce80000, 0x0000000100000000)
  eden space 167936K, 0% used [0x00000000eaa80000,0x00000000eaa80000,0x00000000f4e80000)
  from space 22016K, 97% used [0x00000000fb900000,0x00000000fce03e80,0x00000000fce80000)
  to   space 30208K, 0% used [0x00000000f9380000,0x00000000f9380000,0x00000000fb100000)
 ParOldGen       total 82432K, used 40503K [0x00000000c0000000, 0x00000000c5080000, 0x00000000eaa80000)
  object space 82432K, 49% used [0x00000000c0000000,0x00000000c278dc50,0x00000000c5080000)
 PSPermGen       total 21504K, used 6402K [0x00000000b5a00000, 0x00000000b6f00000, 0x00000000c0000000)
  object space 21504K, 29% used [0x00000000b5a00000,0x00000000b60409f8,0x00000000b6f00000)
}
Event: 10,153 GC heap before
{Heap before GC invocations=10 (full 1):
 PSYoungGen      total 189952K, used 189455K [0x00000000eaa80000, 0x00000000fce80000, 0x0000000100000000)
  eden space 167936K, 100% used [0x00000000eaa80000,0x00000000f4e80000,0x00000000f4e80000)
  from space 22016K, 97% used [0x00000000fb900000,0x00000000fce03e80,0x00000000fce80000)
  to   space 30208K, 0% used [0x00000000f9380000,0x00000000f9380000,0x00000000fb100000)
 ParOldGen       total 82432K, used 40503K [0x00000000c0000000, 0x00000000c5080000, 0x00000000eaa80000)
  object space 82432K, 49% used [0x00000000c0000000,0x00000000c278dc50,0x00000000c5080000)
 PSPermGen       total 21504K, used 6426K [0x00000000b5a00000, 0x00000000b6f00000, 0x00000000c0000000)
  object space 21504K, 29% used [0x00000000b5a00000,0x00000000b6046940,0x00000000b6f00000)
Event: 10,232 GC heap after
Heap after GC invocations=10 (full 1):
 PSYoungGen      total 240128K, used 30184K [0x00000000eaa80000, 0x00000000fcb80000, 0x0000000100000000)
  eden space 209920K, 0% used [0x00000000eaa80000,0x00000000eaa80000,0x00000000f7780000)
  from space 30208K, 99% used [0x00000000f9380000,0x00000000fb0fa1c0,0x00000000fb100000)
  to   space 27136K, 0% used [0x00000000fb100000,0x00000000fb100000,0x00000000fcb80000)
 ParOldGen       total 82432K, used 57807K [0x00000000c0000000, 0x00000000c5080000, 0x00000000eaa80000)
  object space 82432K, 70% used [0x00000000c0000000,0x00000000c3873e80,0x00000000c5080000)
 PSPermGen       total 21504K, used 6426K [0x00000000b5a00000, 0x00000000b6f00000, 0x00000000c0000000)
  object space 21504K, 29% used [0x00000000b5a00000,0x00000000b6046940,0x00000000b6f00000)
}
Event: 11,448 GC heap before
{Heap before GC invocations=11 (full 1):
 PSYoungGen      total 240128K, used 240104K [0x00000000eaa80000, 0x00000000fcb80000, 0x0000000100000000)
  eden space 209920K, 100% used [0x00000000eaa80000,0x00000000f7780000,0x00000000f7780000)
  from space 30208K, 99% used [0x00000000f9380000,0x00000000fb0fa1c0,0x00000000fb100000)
  to   space 27136K, 0% used [0x00000000fb100000,0x00000000fb100000,0x00000000fcb80000)
 ParOldGen       total 82432K, used 57807K [0x00000000c0000000, 0x00000000c5080000, 0x00000000eaa80000)
  object space 82432K, 70% used [0x00000000c0000000,0x00000000c3873e80,0x00000000c5080000)
 PSPermGen       total 21504K, used 6450K [0x00000000b5a00000, 0x00000000b6f00000, 0x00000000c0000000)
  object space 21504K, 29% used [0x00000000b5a00000,0x00000000b604ca50,0x00000000b6f00000)
Event: 11,552 GC heap after
Heap after GC invocations=11 (full 1):
 PSYoungGen      total 238080K, used 27122K [0x00000000eaa80000, 0x0000000100000000, 0x0000000100000000)
  eden space 210944K, 0% used [0x00000000eaa80000,0x00000000eaa80000,0x00000000f7880000)
  from space 27136K, 99% used [0x00000000fb100000,0x00000000fcb7cad8,0x00000000fcb80000)
  to   space 57856K, 0% used [0x00000000f7880000,0x00000000f7880000,0x00000000fb100000)
 ParOldGen       total 95232K, used 94941K [0x00000000c0000000, 0x00000000c5d00000, 0x00000000eaa80000)
  object space 95232K, 99% used [0x00000000c0000000,0x00000000c5cb7628,0x00000000c5d00000)
 PSPermGen       total 21504K, used 6450K [0x00000000b5a00000, 0x00000000b6f00000, 0x00000000c0000000)
  object space 21504K, 29% used [0x00000000b5a00000,0x00000000b604ca50,0x00000000b6f00000)
}
Event: 11,552 GC heap before
{Heap before GC invocations=12 (full 2):
 PSYoungGen      total 238080K, used 27122K [0x00000000eaa80000, 0x0000000100000000, 0x0000000100000000)
  eden space 210944K, 0% used [0x00000000eaa80000,0x00000000eaa80000,0x00000000f7880000)
  from space 27136K, 99% used [0x00000000fb100000,0x00000000fcb7cad8,0x00000000fcb80000)
  to   space 57856K, 0% used [0x00000000f7880000,0x00000000f7880000,0x00000000fb100000)
 ParOldGen       total 95232K, used 94941K [0x00000000c0000000, 0x00000000c5d00000, 0x00000000eaa80000)
  object space 95232K, 99% used [0x00000000c0000000,0x00000000c5cb7628,0x00000000c5d00000)
 PSPermGen       total 21504K, used 6450K [0x00000000b5a00000, 0x00000000b6f00000, 0x00000000c0000000)
  object space 21504K, 29% used [0x00000000b5a00000,0x00000000b604ca50,0x00000000b6f00000)

