# JRE version: OpenJDK Runtime Environment (7.0_95) (build 1.7.0_95-b00)
# Java VM: OpenJDK 64-Bit Server VM (24.95-b01 mixed mode linux-amd64 compressed oops)
Heap
 PSYoungGen      total 217600K, used 62109K [0x00000000eaa80000, 0x0000000100000000, 0x0000000100000000)
  eden space 132608K, 0% used [0x00000000eaa80000,0x00000000eaa80000,0x00000000f2c00000)
  from space 84992K, 73% used [0x00000000fad00000,0x00000000fe9a7730,0x0000000100000000)
  to   space 108544K, 0% used [0x00000000f2c00000,0x00000000f2c00000,0x00000000f9600000)
 ParOldGen       total 171008K, used 170590K [0x00000000c0000000, 0x00000000ca700000, 0x00000000eaa80000)
  object space 171008K, 99% used [0x00000000c0000000,0x00000000ca697aa8,0x00000000ca700000)
 PSPermGen       total 21504K, used 6563K [0x00000000b5a00000, 0x00000000b6f00000, 0x00000000c0000000)
  object space 21504K, 30% used [0x00000000b5a00000,0x00000000b6068d30,0x00000000b6f00000)
GC Heap History (10 events):
Event: 12,117 GC heap after
Heap after GC invocations=12 (full 2):
 PSYoungGen      total 235520K, used 20842K [0x00000000eaa80000, 0x0000000100000000, 0x0000000100000000)
  eden space 209920K, 0% used [0x00000000eaa80000,0x00000000eaa80000,0x00000000f7780000)
  from space 25600K, 81% used [0x00000000faf80000,0x00000000fc3daaa8,0x00000000fc880000)
  to   space 57344K, 0% used [0x00000000f7780000,0x00000000f7780000,0x00000000faf80000)
 ParOldGen       total 171008K, used 96027K [0x00000000c0000000, 0x00000000ca700000, 0x00000000eaa80000)
  object space 171008K, 56% used [0x00000000c0000000,0x00000000c5dc6d00,0x00000000ca700000)
 PSPermGen       total 21504K, used 6450K [0x00000000b5a00000, 0x00000000b6f00000, 0x00000000c0000000)
  object space 21504K, 29% used [0x00000000b5a00000,0x00000000b604c870,0x00000000b6f00000)
}
Event: 13,110 GC heap before
{Heap before GC invocations=13 (full 2):
 PSYoungGen      total 235520K, used 230762K [0x00000000eaa80000, 0x0000000100000000, 0x0000000100000000)
  eden space 209920K, 100% used [0x00000000eaa80000,0x00000000f7780000,0x00000000f7780000)
  from space 25600K, 81% used [0x00000000faf80000,0x00000000fc3daaa8,0x00000000fc880000)
  to   space 57344K, 0% used [0x00000000f7780000,0x00000000f7780000,0x00000000faf80000)
 ParOldGen       total 171008K, used 96027K [0x00000000c0000000, 0x00000000ca700000, 0x00000000eaa80000)
  object space 171008K, 56% used [0x00000000c0000000,0x00000000c5dc6d00,0x00000000ca700000)
 PSPermGen       total 21504K, used 6464K [0x00000000b5a00000, 0x00000000b6f00000, 0x00000000c0000000)
  object space 21504K, 30% used [0x00000000b5a00000,0x00000000b60503b8,0x00000000b6f00000)
Event: 13,232 GC heap after
Heap after GC invocations=13 (full 2):
 PSYoungGen      total 267264K, used 53077K [0x00000000eaa80000, 0x0000000100000000, 0x0000000100000000)
  eden space 209920K, 0% used [0x00000000eaa80000,0x00000000eaa80000,0x00000000f7780000)
  from space 57344K, 92% used [0x00000000f7780000,0x00000000fab556f0,0x00000000faf80000)
  to   space 66048K, 0% used [0x00000000fbf80000,0x00000000fbf80000,0x0000000100000000)
 ParOldGen       total 171008K, used 98301K [0x00000000c0000000, 0x00000000ca700000, 0x00000000eaa80000)
  object space 171008K, 57% used [0x00000000c0000000,0x00000000c5fff5f8,0x00000000ca700000)
 PSPermGen       total 21504K, used 6464K [0x00000000b5a00000, 0x00000000b6f00000, 0x00000000c0000000)
  object space 21504K, 30% used [0x00000000b5a00000,0x00000000b60503b8,0x00000000b6f00000)
}
Event: 13,914 GC heap before
{Heap before GC invocations=14 (full 2):
 PSYoungGen      total 267264K, used 262997K [0x00000000eaa80000, 0x0000000100000000, 0x0000000100000000)
  eden space 209920K, 100% used [0x00000000eaa80000,0x00000000f7780000,0x00000000f7780000)
  from space 57344K, 92% used [0x00000000f7780000,0x00000000fab556f0,0x00000000faf80000)
  to   space 66048K, 0% used [0x00000000fbf80000,0x00000000fbf80000,0x0000000100000000)
 ParOldGen       total 171008K, used 98301K [0x00000000c0000000, 0x00000000ca700000, 0x00000000eaa80000)
  object space 171008K, 57% used [0x00000000c0000000,0x00000000c5fff5f8,0x00000000ca700000)
 PSPermGen       total 21504K, used 6484K [0x00000000b5a00000, 0x00000000b6f00000, 0x00000000c0000000)
  object space 21504K, 30% used [0x00000000b5a00000,0x00000000b6055190,0x00000000b6f00000)
Event: 14,165 GC heap after
Heap after GC invocations=14 (full 2):
 PSYoungGen      total 247808K, used 66042K [0x00000000eaa80000, 0x0000000100000000, 0x0000000100000000)
  eden space 181760K, 0% used [0x00000000eaa80000,0x00000000eaa80000,0x00000000f5c00000)
  from space 66048K, 99% used [0x00000000fbf80000,0x00000000ffffeb70,0x0000000100000000)
  to   space 83968K, 0% used [0x00000000f5c00000,0x00000000f5c00000,0x00000000fae00000)
 ParOldGen       total 171008K, used 115540K [0x00000000c0000000, 0x00000000ca700000, 0x00000000eaa80000)
  object space 171008K, 67% used [0x00000000c0000000,0x00000000c70d51a0,0x00000000ca700000)
 PSPermGen       total 21504K, used 6484K [0x00000000b5a00000, 0x00000000b6f00000, 0x00000000c0000000)
  object space 21504K, 30% used [0x00000000b5a00000,0x00000000b6055190,0x00000000b6f00000)
}
Event: 14,895 GC heap before
{Heap before GC invocations=15 (full 2):
 PSYoungGen      total 247808K, used 247802K [0x00000000eaa80000, 0x0000000100000000, 0x0000000100000000)
  eden space 181760K, 100% used [0x00000000eaa80000,0x00000000f5c00000,0x00000000f5c00000)
  from space 66048K, 99% used [0x00000000fbf80000,0x00000000ffffeb70,0x0000000100000000)
  to   space 83968K, 0% used [0x00000000f5c00000,0x00000000f5c00000,0x00000000fae00000)
 ParOldGen       total 171008K, used 115540K [0x00000000c0000000, 0x00000000ca700000, 0x00000000eaa80000)
  object space 171008K, 67% used [0x00000000c0000000,0x00000000c70d51a0,0x00000000ca700000)
 PSPermGen       total 21504K, used 6492K [0x00000000b5a00000, 0x00000000b6f00000, 0x00000000c0000000)
  object space 21504K, 30% used [0x00000000b5a00000,0x00000000b60571f0,0x00000000b6f00000)
Event: 15,023 GC heap after
Heap after GC invocations=15 (full 2):
 PSYoungGen      total 264704K, used 82644K [0x00000000eaa80000, 0x0000000100000000, 0x0000000100000000)
  eden space 181760K, 0% used [0x00000000eaa80000,0x00000000eaa80000,0x00000000f5c00000)
  from space 82944K, 99% used [0x00000000f5c00000,0x00000000facb53e0,0x00000000fad00000)
  to   space 84992K, 0% used [0x00000000fad00000,0x00000000fad00000,0x0000000100000000)
 ParOldGen       total 171008K, used 130052K [0x00000000c0000000, 0x00000000ca700000, 0x00000000eaa80000)
  object space 171008K, 76% used [0x00000000c0000000,0x00000000c7f01248,0x00000000ca700000)
 PSPermGen       total 21504K, used 6492K [0x00000000b5a00000, 0x00000000b6f00000, 0x00000000c0000000)
  object space 21504K, 30% used [0x00000000b5a00000,0x00000000b60571f0,0x00000000b6f00000)
}
Event: 16,071 GC heap before
{Heap before GC invocations=16 (full 2):
 PSYoungGen      total 264704K, used 264404K [0x00000000eaa80000, 0x0000000100000000, 0x0000000100000000)
  eden space 181760K, 100% used [0x00000000eaa80000,0x00000000f5c00000,0x00000000f5c00000)
  from space 82944K, 99% used [0x00000000f5c00000,0x00000000facb53e0,0x00000000fad00000)
  to   space 84992K, 0% used [0x00000000fad00000,0x00000000fad00000,0x0000000100000000)
 ParOldGen       total 171008K, used 130052K [0x00000000c0000000, 0x00000000ca700000, 0x00000000eaa80000)
  object space 171008K, 76% used [0x00000000c0000000,0x00000000c7f01248,0x00000000ca700000)
 PSPermGen       total 21504K, used 6564K [0x00000000b5a00000, 0x00000000b6f00000, 0x00000000c0000000)
  object space 21504K, 30% used [0x00000000b5a00000,0x00000000b6069080,0x00000000b6f00000)
Event: 16,279 GC heap after
Heap after GC invocations=16 (full 2):
 PSYoungGen      total 217600K, used 80534K [0x00000000eaa80000, 0x0000000100000000, 0x0000000100000000)
  eden space 132608K, 0% used [0x00000000eaa80000,0x00000000eaa80000,0x00000000f2c00000)
  from space 84992K, 94% used [0x00000000fad00000,0x00000000ffba5860,0x0000000100000000)
  to   space 108544K, 0% used [0x00000000f2c00000,0x00000000f2c00000,0x00000000f9600000)
 ParOldGen       total 171008K, used 159216K [0x00000000c0000000, 0x00000000ca700000, 0x00000000eaa80000)
  object space 171008K, 93% used [0x00000000c0000000,0x00000000c9b7c240,0x00000000ca700000)
 PSPermGen       total 21504K, used 6564K [0x00000000b5a00000, 0x00000000b6f00000, 0x00000000c0000000)
  object space 21504K, 30% used [0x00000000b5a00000,0x00000000b6069080,0x00000000b6f00000)
}
Event: 16,279 GC heap before
{Heap before GC invocations=17 (full 3):
 PSYoungGen      total 217600K, used 80534K [0x00000000eaa80000, 0x0000000100000000, 0x0000000100000000)
  eden space 132608K, 0% used [0x00000000eaa80000,0x00000000eaa80000,0x00000000f2c00000)
  from space 84992K, 94% used [0x00000000fad00000,0x00000000ffba5860,0x0000000100000000)
  to   space 108544K, 0% used [0x00000000f2c00000,0x00000000f2c00000,0x00000000f9600000)
 ParOldGen       total 171008K, used 159216K [0x00000000c0000000, 0x00000000ca700000, 0x00000000eaa80000)
  object space 171008K, 93% used [0x00000000c0000000,0x00000000c9b7c240,0x00000000ca700000)
 PSPermGen       total 21504K, used 6564K [0x00000000b5a00000, 0x00000000b6f00000, 0x00000000c0000000)
  object space 21504K, 30% used [0x00000000b5a00000,0x00000000b6069080,0x00000000b6f00000)

