# JRE version: OpenJDK Runtime Environment (7.0_95) (build 1.7.0_95-b00)
# Java VM: OpenJDK 64-Bit Server VM (24.95-b01 mixed mode linux-amd64 compressed oops)
Heap
 PSYoungGen      total 268800K, used 0K [0x00000000eaa80000, 0x0000000100000000, 0x0000000100000000)
  eden space 214528K, 0% used [0x00000000eaa80000,0x00000000eaa80000,0x00000000f7c00000)
  from space 54272K, 0% used [0x00000000fbd00000,0x00000000fbd00000,0x00000000ff200000)
  to   space 66560K, 50% used [0x00000000f7c00000,0x00000000f9d169a8,0x00000000fbd00000)
 ParOldGen       total 178688K, used 178665K [0x00000000c0000000, 0x00000000cae80000, 0x00000000eaa80000)
  object space 178688K, 99% used [0x00000000c0000000,0x00000000cae7a4a0,0x00000000cae80000)
 PSPermGen       total 21504K, used 6494K [0x00000000b5a00000, 0x00000000b6f00000, 0x00000000c0000000)
  object space 21504K, 30% used [0x00000000b5a00000,0x00000000b6057a28,0x00000000b6f00000)
GC Heap History (10 events):
Event: 11,724 GC heap after
Heap after GC invocations=13 (full 1):
 PSYoungGen      total 237056K, used 37349K [0x00000000eaa80000, 0x00000000fe700000, 0x0000000100000000)
  eden space 199680K, 0% used [0x00000000eaa80000,0x00000000eaa80000,0x00000000f6d80000)
  from space 37376K, 99% used [0x00000000fa080000,0x00000000fc4f9450,0x00000000fc500000)
  to   space 52224K, 0% used [0x00000000f6d80000,0x00000000f6d80000,0x00000000fa080000)
 ParOldGen       total 81920K, used 81663K [0x00000000c0000000, 0x00000000c5000000, 0x00000000eaa80000)
  object space 81920K, 99% used [0x00000000c0000000,0x00000000c4fbff50,0x00000000c5000000)
 PSPermGen       total 21504K, used 6453K [0x00000000b5a00000, 0x00000000b6f00000, 0x00000000c0000000)
  object space 21504K, 30% used [0x00000000b5a00000,0x00000000b604d6c8,0x00000000b6f00000)
}
Event: 11,724 GC heap before
{Heap before GC invocations=14 (full 2):
 PSYoungGen      total 237056K, used 37349K [0x00000000eaa80000, 0x00000000fe700000, 0x0000000100000000)
  eden space 199680K, 0% used [0x00000000eaa80000,0x00000000eaa80000,0x00000000f6d80000)
  from space 37376K, 99% used [0x00000000fa080000,0x00000000fc4f9450,0x00000000fc500000)
  to   space 52224K, 0% used [0x00000000f6d80000,0x00000000f6d80000,0x00000000fa080000)
 ParOldGen       total 81920K, used 81663K [0x00000000c0000000, 0x00000000c5000000, 0x00000000eaa80000)
  object space 81920K, 99% used [0x00000000c0000000,0x00000000c4fbff50,0x00000000c5000000)
 PSPermGen       total 21504K, used 6453K [0x00000000b5a00000, 0x00000000b6f00000, 0x00000000c0000000)
  object space 21504K, 30% used [0x00000000b5a00000,0x00000000b604d6c8,0x00000000b6f00000)
Event: 12,634 GC heap after
Heap after GC invocations=14 (full 2):
 PSYoungGen      total 237056K, used 36154K [0x00000000eaa80000, 0x00000000fe700000, 0x0000000100000000)
  eden space 199680K, 0% used [0x00000000eaa80000,0x00000000eaa80000,0x00000000f6d80000)
  from space 37376K, 96% used [0x00000000fa080000,0x00000000fc3ce8f8,0x00000000fc500000)
  to   space 52224K, 0% used [0x00000000f6d80000,0x00000000f6d80000,0x00000000fa080000)
 ParOldGen       total 154112K, used 81514K [0x00000000c0000000, 0x00000000c9680000, 0x00000000eaa80000)
  object space 154112K, 52% used [0x00000000c0000000,0x00000000c4f9a8a8,0x00000000c9680000)
 PSPermGen       total 21504K, used 6452K [0x00000000b5a00000, 0x00000000b6f00000, 0x00000000c0000000)
  object space 21504K, 30% used [0x00000000b5a00000,0x00000000b604d228,0x00000000b6f00000)
}
Event: 13,489 GC heap before
{Heap before GC invocations=15 (full 2):
 PSYoungGen      total 237056K, used 235834K [0x00000000eaa80000, 0x00000000fe700000, 0x0000000100000000)
  eden space 199680K, 100% used [0x00000000eaa80000,0x00000000f6d80000,0x00000000f6d80000)
  from space 37376K, 96% used [0x00000000fa080000,0x00000000fc3ce8f8,0x00000000fc500000)
  to   space 52224K, 0% used [0x00000000f6d80000,0x00000000f6d80000,0x00000000fa080000)
 ParOldGen       total 154112K, used 81514K [0x00000000c0000000, 0x00000000c9680000, 0x00000000eaa80000)
  object space 154112K, 52% used [0x00000000c0000000,0x00000000c4f9a8a8,0x00000000c9680000)
 PSPermGen       total 21504K, used 6464K [0x00000000b5a00000, 0x00000000b6f00000, 0x00000000c0000000)
  object space 21504K, 30% used [0x00000000b5a00000,0x00000000b6050168,0x00000000b6f00000)
Event: 13,603 GC heap after
Heap after GC invocations=15 (full 2):
 PSYoungGen      total 251904K, used 33617K [0x00000000eaa80000, 0x00000000ff200000, 0x0000000100000000)
  eden space 199680K, 0% used [0x00000000eaa80000,0x00000000eaa80000,0x00000000f6d80000)
  from space 52224K, 64% used [0x00000000f6d80000,0x00000000f8e54690,0x00000000fa080000)
  to   space 54272K, 0% used [0x00000000fbd00000,0x00000000fbd00000,0x00000000ff200000)
 ParOldGen       total 154112K, used 117066K [0x00000000c0000000, 0x00000000c9680000, 0x00000000eaa80000)
  object space 154112K, 75% used [0x00000000c0000000,0x00000000c7252998,0x00000000c9680000)
 PSPermGen       total 21504K, used 6464K [0x00000000b5a00000, 0x00000000b6f00000, 0x00000000c0000000)
  object space 21504K, 30% used [0x00000000b5a00000,0x00000000b6050168,0x00000000b6f00000)
}
Event: 14,121 GC heap before
{Heap before GC invocations=16 (full 2):
 PSYoungGen      total 251904K, used 233297K [0x00000000eaa80000, 0x00000000ff200000, 0x0000000100000000)
  eden space 199680K, 100% used [0x00000000eaa80000,0x00000000f6d80000,0x00000000f6d80000)
  from space 52224K, 64% used [0x00000000f6d80000,0x00000000f8e54690,0x00000000fa080000)
  to   space 54272K, 0% used [0x00000000fbd00000,0x00000000fbd00000,0x00000000ff200000)
 ParOldGen       total 154112K, used 117066K [0x00000000c0000000, 0x00000000c9680000, 0x00000000eaa80000)
  object space 154112K, 75% used [0x00000000c0000000,0x00000000c7252998,0x00000000c9680000)
 PSPermGen       total 21504K, used 6488K [0x00000000b5a00000, 0x00000000b6f00000, 0x00000000c0000000)
  object space 21504K, 30% used [0x00000000b5a00000,0x00000000b6056120,0x00000000b6f00000)
Event: 14,245 GC heap after
Heap after GC invocations=16 (full 2):
 PSYoungGen      total 268800K, used 54259K [0x00000000eaa80000, 0x0000000100000000, 0x0000000100000000)
  eden space 214528K, 0% used [0x00000000eaa80000,0x00000000eaa80000,0x00000000f7c00000)
  from space 54272K, 99% used [0x00000000fbd00000,0x00000000ff1fced0,0x00000000ff200000)
  to   space 66560K, 0% used [0x00000000f7c00000,0x00000000f7c00000,0x00000000fbd00000)
 ParOldGen       total 154112K, used 124863K [0x00000000c0000000, 0x00000000c9680000, 0x00000000eaa80000)
  object space 154112K, 81% used [0x00000000c0000000,0x00000000c79efdc0,0x00000000c9680000)
 PSPermGen       total 21504K, used 6488K [0x00000000b5a00000, 0x00000000b6f00000, 0x00000000c0000000)
  object space 21504K, 30% used [0x00000000b5a00000,0x00000000b6056120,0x00000000b6f00000)
}
Event: 14,904 GC heap before
{Heap before GC invocations=17 (full 2):
 PSYoungGen      total 268800K, used 268787K [0x00000000eaa80000, 0x0000000100000000, 0x0000000100000000)
  eden space 214528K, 100% used [0x00000000eaa80000,0x00000000f7c00000,0x00000000f7c00000)
  from space 54272K, 99% used [0x00000000fbd00000,0x00000000ff1fced0,0x00000000ff200000)
  to   space 66560K, 0% used [0x00000000f7c00000,0x00000000f7c00000,0x00000000fbd00000)
 ParOldGen       total 154112K, used 124863K [0x00000000c0000000, 0x00000000c9680000, 0x00000000eaa80000)
  object space 154112K, 81% used [0x00000000c0000000,0x00000000c79efdc0,0x00000000c9680000)
 PSPermGen       total 21504K, used 6495K [0x00000000b5a00000, 0x00000000b6f00000, 0x00000000c0000000)
  object space 21504K, 30% used [0x00000000b5a00000,0x00000000b6057c08,0x00000000b6f00000)
Event: 15,136 GC heap after
Heap after GC invocations=17 (full 2):
 PSYoungGen      total 268800K, used 268787K [0x00000000eaa80000, 0x0000000100000000, 0x0000000100000000)
  eden space 214528K, 100% used [0x00000000eaa80000,0x00000000f7c00000,0x00000000f7c00000)
  from space 54272K, 99% used [0x00000000fbd00000,0x00000000ff1fced0,0x00000000ff200000)
  to   space 66560K, 55% used [0x00000000f7c00000,0x00000000fa064528,0x00000000fbd00000)
 ParOldGen       total 178688K, used 178456K [0x00000000c0000000, 0x00000000cae80000, 0x00000000eaa80000)
  object space 178688K, 99% used [0x00000000c0000000,0x00000000cae46310,0x00000000cae80000)
 PSPermGen       total 21504K, used 6495K [0x00000000b5a00000, 0x00000000b6f00000, 0x00000000c0000000)
  object space 21504K, 30% used [0x00000000b5a00000,0x00000000b6057c08,0x00000000b6f00000)
}
Event: 15,136 GC heap before
{Heap before GC invocations=18 (full 3):
 PSYoungGen      total 268800K, used 268787K [0x00000000eaa80000, 0x0000000100000000, 0x0000000100000000)
  eden space 214528K, 100% used [0x00000000eaa80000,0x00000000f7c00000,0x00000000f7c00000)
  from space 54272K, 99% used [0x00000000fbd00000,0x00000000ff1fced0,0x00000000ff200000)
  to   space 66560K, 55% used [0x00000000f7c00000,0x00000000fa064528,0x00000000fbd00000)
 ParOldGen       total 178688K, used 178456K [0x00000000c0000000, 0x00000000cae80000, 0x00000000eaa80000)
  object space 178688K, 99% used [0x00000000c0000000,0x00000000cae46310,0x00000000cae80000)
 PSPermGen       total 21504K, used 6495K [0x00000000b5a00000, 0x00000000b6f00000, 0x00000000c0000000)
  object space 21504K, 30% used [0x00000000b5a00000,0x00000000b6057c08,0x00000000b6f00000)

