# JRE version: OpenJDK Runtime Environment (7.0_101) (build 1.7.0_101-b00)
# Java VM: OpenJDK 64-Bit Server VM (24.95-b01 mixed mode linux-amd64 compressed oops)
Heap
 PSYoungGen      total 249856K, used 0K [0x00000000eaa80000, 0x0000000100000000, 0x0000000100000000)
  eden space 150016K, 0% used [0x00000000eaa80000,0x00000000eaa80000,0x00000000f3d00000)
  from space 99840K, 0% used [0x00000000f3d00000,0x00000000f3d00000,0x00000000f9e80000)
  to   space 95232K, 0% used [0x00000000fa300000,0x00000000fa300000,0x0000000100000000)
 ParOldGen       total 277504K, used 256566K [0x00000000c0000000, 0x00000000d0f00000, 0x00000000eaa80000)
  object space 277504K, 92% used [0x00000000c0000000,0x00000000cfa8dba8,0x00000000d0f00000)
 PSPermGen       total 21504K, used 6665K [0x00000000b5a00000, 0x00000000b6f00000, 0x00000000c0000000)
  object space 21504K, 30% used [0x00000000b5a00000,0x00000000b6082610,0x00000000b6f00000)
GC Heap History (10 events):
Event: 13,706 GC heap after
Heap after GC invocations=14 (full 2):
 PSYoungGen      total 250368K, used 64505K [0x00000000eaa80000, 0x0000000100000000, 0x0000000100000000)
  eden space 185856K, 0% used [0x00000000eaa80000,0x00000000eaa80000,0x00000000f6000000)
  from space 64512K, 99% used [0x00000000fc100000,0x00000000ffffe518,0x0000000100000000)
  to   space 81920K, 0% used [0x00000000f6000000,0x00000000f6000000,0x00000000fb000000)
 ParOldGen       total 173056K, used 115464K [0x00000000c0000000, 0x00000000ca900000, 0x00000000eaa80000)
  object space 173056K, 66% used [0x00000000c0000000,0x00000000c70c2360,0x00000000ca900000)
 PSPermGen       total 21504K, used 6576K [0x00000000b5a00000, 0x00000000b6f00000, 0x00000000c0000000)
  object space 21504K, 30% used [0x00000000b5a00000,0x00000000b606c3a0,0x00000000b6f00000)
}
Event: 14,271 GC heap before
{Heap before GC invocations=15 (full 2):
 PSYoungGen      total 250368K, used 250361K [0x00000000eaa80000, 0x0000000100000000, 0x0000000100000000)
  eden space 185856K, 100% used [0x00000000eaa80000,0x00000000f6000000,0x00000000f6000000)
  from space 64512K, 99% used [0x00000000fc100000,0x00000000ffffe518,0x0000000100000000)
  to   space 81920K, 0% used [0x00000000f6000000,0x00000000f6000000,0x00000000fb000000)
 ParOldGen       total 173056K, used 115464K [0x00000000c0000000, 0x00000000ca900000, 0x00000000eaa80000)
  object space 173056K, 66% used [0x00000000c0000000,0x00000000c70c2360,0x00000000ca900000)
 PSPermGen       total 21504K, used 6581K [0x00000000b5a00000, 0x00000000b6f00000, 0x00000000c0000000)
  object space 21504K, 30% used [0x00000000b5a00000,0x00000000b606d408,0x00000000b6f00000)
Event: 14,402 GC heap after
Heap after GC invocations=15 (full 2):
 PSYoungGen      total 266752K, used 80560K [0x00000000eaa80000, 0x0000000100000000, 0x0000000100000000)
  eden space 185856K, 0% used [0x00000000eaa80000,0x00000000eaa80000,0x00000000f6000000)
  from space 80896K, 99% used [0x00000000f6000000,0x00000000faeac328,0x00000000faf00000)
  to   space 82944K, 0% used [0x00000000faf00000,0x00000000faf00000,0x0000000100000000)
 ParOldGen       total 173056K, used 129518K [0x00000000c0000000, 0x00000000ca900000, 0x00000000eaa80000)
  object space 173056K, 74% used [0x00000000c0000000,0x00000000c7e7bbd0,0x00000000ca900000)
 PSPermGen       total 21504K, used 6581K [0x00000000b5a00000, 0x00000000b6f00000, 0x00000000c0000000)
  object space 21504K, 30% used [0x00000000b5a00000,0x00000000b606d408,0x00000000b6f00000)
}
Event: 15,023 GC heap before
{Heap before GC invocations=16 (full 2):
 PSYoungGen      total 266752K, used 266416K [0x00000000eaa80000, 0x0000000100000000, 0x0000000100000000)
  eden space 185856K, 100% used [0x00000000eaa80000,0x00000000f6000000,0x00000000f6000000)
  from space 80896K, 99% used [0x00000000f6000000,0x00000000faeac328,0x00000000faf00000)
  to   space 82944K, 0% used [0x00000000faf00000,0x00000000faf00000,0x0000000100000000)
 ParOldGen       total 173056K, used 129518K [0x00000000c0000000, 0x00000000ca900000, 0x00000000eaa80000)
  object space 173056K, 74% used [0x00000000c0000000,0x00000000c7e7bbd0,0x00000000ca900000)
 PSPermGen       total 21504K, used 6586K [0x00000000b5a00000, 0x00000000b6f00000, 0x00000000c0000000)
  object space 21504K, 30% used [0x00000000b5a00000,0x00000000b606e978,0x00000000b6f00000)
Event: 15,574 GC heap after
Heap after GC invocations=16 (full 2):
 PSYoungGen      total 232960K, used 61093K [0x00000000eaa80000, 0x0000000100000000, 0x0000000100000000)
  eden space 150016K, 0% used [0x00000000eaa80000,0x00000000eaa80000,0x00000000f3d00000)
  from space 82944K, 73% used [0x00000000faf00000,0x00000000feaa97e8,0x0000000100000000)
  to   space 99840K, 0% used [0x00000000f3d00000,0x00000000f3d00000,0x00000000f9e80000)
 ParOldGen       total 178688K, used 178394K [0x00000000c0000000, 0x00000000cae80000, 0x00000000eaa80000)
  object space 178688K, 99% used [0x00000000c0000000,0x00000000cae36b60,0x00000000cae80000)
 PSPermGen       total 21504K, used 6586K [0x00000000b5a00000, 0x00000000b6f00000, 0x00000000c0000000)
  object space 21504K, 30% used [0x00000000b5a00000,0x00000000b606e978,0x00000000b6f00000)
}
Event: 15,574 GC heap before
{Heap before GC invocations=17 (full 3):
 PSYoungGen      total 232960K, used 61093K [0x00000000eaa80000, 0x0000000100000000, 0x0000000100000000)
  eden space 150016K, 0% used [0x00000000eaa80000,0x00000000eaa80000,0x00000000f3d00000)
  from space 82944K, 73% used [0x00000000faf00000,0x00000000feaa97e8,0x0000000100000000)
  to   space 99840K, 0% used [0x00000000f3d00000,0x00000000f3d00000,0x00000000f9e80000)
 ParOldGen       total 178688K, used 178394K [0x00000000c0000000, 0x00000000cae80000, 0x00000000eaa80000)
  object space 178688K, 99% used [0x00000000c0000000,0x00000000cae36b60,0x00000000cae80000)
 PSPermGen       total 21504K, used 6586K [0x00000000b5a00000, 0x00000000b6f00000, 0x00000000c0000000)
  object space 21504K, 30% used [0x00000000b5a00000,0x00000000b606e978,0x00000000b6f00000)
Event: 16,845 GC heap after
Heap after GC invocations=17 (full 3):
 PSYoungGen      total 232960K, used 56568K [0x00000000eaa80000, 0x0000000100000000, 0x0000000100000000)
  eden space 150016K, 0% used [0x00000000eaa80000,0x00000000eaa80000,0x00000000f3d00000)
  from space 82944K, 68% used [0x00000000faf00000,0x00000000fe63e318,0x0000000100000000)
  to   space 99840K, 0% used [0x00000000f3d00000,0x00000000f3d00000,0x00000000f9e80000)
 ParOldGen       total 277504K, used 178661K [0x00000000c0000000, 0x00000000d0f00000, 0x00000000eaa80000)
  object space 277504K, 64% used [0x00000000c0000000,0x00000000cae79790,0x00000000d0f00000)
 PSPermGen       total 21504K, used 6585K [0x00000000b5a00000, 0x00000000b6f00000, 0x00000000c0000000)
  object space 21504K, 30% used [0x00000000b5a00000,0x00000000b606e658,0x00000000b6f00000)
}
Event: 18,173 GC heap before
{Heap before GC invocations=18 (full 3):
 PSYoungGen      total 232960K, used 206584K [0x00000000eaa80000, 0x0000000100000000, 0x0000000100000000)
  eden space 150016K, 100% used [0x00000000eaa80000,0x00000000f3d00000,0x00000000f3d00000)
  from space 82944K, 68% used [0x00000000faf00000,0x00000000fe63e318,0x0000000100000000)
  to   space 99840K, 0% used [0x00000000f3d00000,0x00000000f3d00000,0x00000000f9e80000)
 ParOldGen       total 277504K, used 178661K [0x00000000c0000000, 0x00000000d0f00000, 0x00000000eaa80000)
  object space 277504K, 64% used [0x00000000c0000000,0x00000000cae79790,0x00000000d0f00000)
 PSPermGen       total 21504K, used 6665K [0x00000000b5a00000, 0x00000000b6f00000, 0x00000000c0000000)
  object space 21504K, 30% used [0x00000000b5a00000,0x00000000b6082760,0x00000000b6f00000)
Event: 18,359 GC heap after
Heap after GC invocations=18 (full 3):
 PSYoungGen      total 249856K, used 24915K [0x00000000eaa80000, 0x0000000100000000, 0x0000000100000000)
  eden space 150016K, 0% used [0x00000000eaa80000,0x00000000eaa80000,0x00000000f3d00000)
  from space 99840K, 24% used [0x00000000f3d00000,0x00000000f5554e80,0x00000000f9e80000)
  to   space 95232K, 0% used [0x00000000fa300000,0x00000000fa300000,0x0000000100000000)
 ParOldGen       total 277504K, used 234482K [0x00000000c0000000, 0x00000000d0f00000, 0x00000000eaa80000)
  object space 277504K, 84% used [0x00000000c0000000,0x00000000ce4fcb18,0x00000000d0f00000)
 PSPermGen       total 21504K, used 6665K [0x00000000b5a00000, 0x00000000b6f00000, 0x00000000c0000000)
  object space 21504K, 30% used [0x00000000b5a00000,0x00000000b6082760,0x00000000b6f00000)
}
Event: 18,359 GC heap before
{Heap before GC invocations=19 (full 4):
 PSYoungGen      total 249856K, used 24915K [0x00000000eaa80000, 0x0000000100000000, 0x0000000100000000)
  eden space 150016K, 0% used [0x00000000eaa80000,0x00000000eaa80000,0x00000000f3d00000)
  from space 99840K, 24% used [0x00000000f3d00000,0x00000000f5554e80,0x00000000f9e80000)
  to   space 95232K, 0% used [0x00000000fa300000,0x00000000fa300000,0x0000000100000000)
 ParOldGen       total 277504K, used 234482K [0x00000000c0000000, 0x00000000d0f00000, 0x00000000eaa80000)
  object space 277504K, 84% used [0x00000000c0000000,0x00000000ce4fcb18,0x00000000d0f00000)
 PSPermGen       total 21504K, used 6665K [0x00000000b5a00000, 0x00000000b6f00000, 0x00000000c0000000)
  object space 21504K, 30% used [0x00000000b5a00000,0x00000000b6082760,0x00000000b6f00000)

