# JRE version: OpenJDK Runtime Environment (7.0_101) (build 1.7.0_101-b00)
# Java VM: OpenJDK 64-Bit Server VM (24.95-b01 mixed mode linux-amd64 compressed oops)
Heap
 PSYoungGen      total 246784K, used 0K [0x00000000eaa80000, 0x0000000100000000, 0x0000000100000000)
  eden space 143872K, 0% used [0x00000000eaa80000,0x00000000eaa80000,0x00000000f3700000)
  from space 102912K, 0% used [0x00000000f3700000,0x00000000f3700000,0x00000000f9b80000)
  to   space 98816K, 0% used [0x00000000f9f80000,0x00000000f9f80000,0x0000000100000000)
 ParOldGen       total 284672K, used 255208K [0x00000000c0000000, 0x00000000d1600000, 0x00000000eaa80000)
  object space 284672K, 89% used [0x00000000c0000000,0x00000000cf93a148,0x00000000d1600000)
 PSPermGen       total 21504K, used 6654K [0x00000000b5a00000, 0x00000000b6f00000, 0x00000000c0000000)
  object space 21504K, 30% used [0x00000000b5a00000,0x00000000b607fbc0,0x00000000b6f00000)
GC Heap History (10 events):
Event: 19,169 GC heap after
Heap after GC invocations=14 (full 2):
 PSYoungGen      total 252416K, used 64485K [0x00000000eaa80000, 0x0000000100000000, 0x0000000100000000)
  eden space 187904K, 0% used [0x00000000eaa80000,0x00000000eaa80000,0x00000000f6200000)
  from space 64512K, 99% used [0x00000000fc100000,0x00000000ffff97a8,0x0000000100000000)
  to   space 80896K, 0% used [0x00000000f6200000,0x00000000f6200000,0x00000000fb100000)
 ParOldGen       total 173056K, used 112939K [0x00000000c0000000, 0x00000000ca900000, 0x00000000eaa80000)
  object space 173056K, 65% used [0x00000000c0000000,0x00000000c6e4ac48,0x00000000ca900000)
 PSPermGen       total 21504K, used 6577K [0x00000000b5a00000, 0x00000000b6f00000, 0x00000000c0000000)
  object space 21504K, 30% used [0x00000000b5a00000,0x00000000b606c590,0x00000000b6f00000)
}
Event: 19,785 GC heap before
{Heap before GC invocations=15 (full 2):
 PSYoungGen      total 252416K, used 252389K [0x00000000eaa80000, 0x0000000100000000, 0x0000000100000000)
  eden space 187904K, 100% used [0x00000000eaa80000,0x00000000f6200000,0x00000000f6200000)
  from space 64512K, 99% used [0x00000000fc100000,0x00000000ffff97a8,0x0000000100000000)
  to   space 80896K, 0% used [0x00000000f6200000,0x00000000f6200000,0x00000000fb100000)
 ParOldGen       total 173056K, used 112939K [0x00000000c0000000, 0x00000000ca900000, 0x00000000eaa80000)
  object space 173056K, 65% used [0x00000000c0000000,0x00000000c6e4ac48,0x00000000ca900000)
 PSPermGen       total 21504K, used 6581K [0x00000000b5a00000, 0x00000000b6f00000, 0x00000000c0000000)
  object space 21504K, 30% used [0x00000000b5a00000,0x00000000b606d528,0x00000000b6f00000)
Event: 19,894 GC heap after
Heap after GC invocations=15 (full 2):
 PSYoungGen      total 268800K, used 80868K [0x00000000eaa80000, 0x0000000100000000, 0x0000000100000000)
  eden space 187904K, 0% used [0x00000000eaa80000,0x00000000eaa80000,0x00000000f6200000)
  from space 80896K, 99% used [0x00000000f6200000,0x00000000fb0f93d8,0x00000000fb100000)
  to   space 80896K, 0% used [0x00000000fb100000,0x00000000fb100000,0x0000000100000000)
 ParOldGen       total 173056K, used 128089K [0x00000000c0000000, 0x00000000ca900000, 0x00000000eaa80000)
  object space 173056K, 74% used [0x00000000c0000000,0x00000000c7d166a0,0x00000000ca900000)
 PSPermGen       total 21504K, used 6581K [0x00000000b5a00000, 0x00000000b6f00000, 0x00000000c0000000)
  object space 21504K, 30% used [0x00000000b5a00000,0x00000000b606d528,0x00000000b6f00000)
}
Event: 20,524 GC heap before
{Heap before GC invocations=16 (full 2):
 PSYoungGen      total 268800K, used 268772K [0x00000000eaa80000, 0x0000000100000000, 0x0000000100000000)
  eden space 187904K, 100% used [0x00000000eaa80000,0x00000000f6200000,0x00000000f6200000)
  from space 80896K, 99% used [0x00000000f6200000,0x00000000fb0f93d8,0x00000000fb100000)
  to   space 80896K, 0% used [0x00000000fb100000,0x00000000fb100000,0x0000000100000000)
 ParOldGen       total 173056K, used 128089K [0x00000000c0000000, 0x00000000ca900000, 0x00000000eaa80000)
  object space 173056K, 74% used [0x00000000c0000000,0x00000000c7d166a0,0x00000000ca900000)
 PSPermGen       total 21504K, used 6587K [0x00000000b5a00000, 0x00000000b6f00000, 0x00000000c0000000)
  object space 21504K, 30% used [0x00000000b5a00000,0x00000000b606ec30,0x00000000b6f00000)
Event: 20,675 GC heap after
Heap after GC invocations=16 (full 2):
 PSYoungGen      total 224768K, used 59412K [0x00000000eaa80000, 0x0000000100000000, 0x0000000100000000)
  eden space 143872K, 0% used [0x00000000eaa80000,0x00000000eaa80000,0x00000000f3700000)
  from space 80896K, 73% used [0x00000000fb100000,0x00000000feb051c8,0x0000000100000000)
  to   space 102912K, 0% used [0x00000000f3700000,0x00000000f3700000,0x00000000f9b80000)
 ParOldGen       total 180224K, used 180122K [0x00000000c0000000, 0x00000000cb000000, 0x00000000eaa80000)
  object space 180224K, 99% used [0x00000000c0000000,0x00000000cafe6b68,0x00000000cb000000)
 PSPermGen       total 21504K, used 6587K [0x00000000b5a00000, 0x00000000b6f00000, 0x00000000c0000000)
  object space 21504K, 30% used [0x00000000b5a00000,0x00000000b606ec30,0x00000000b6f00000)
}
Event: 20,675 GC heap before
{Heap before GC invocations=17 (full 3):
 PSYoungGen      total 224768K, used 59412K [0x00000000eaa80000, 0x0000000100000000, 0x0000000100000000)
  eden space 143872K, 0% used [0x00000000eaa80000,0x00000000eaa80000,0x00000000f3700000)
  from space 80896K, 73% used [0x00000000fb100000,0x00000000feb051c8,0x0000000100000000)
  to   space 102912K, 0% used [0x00000000f3700000,0x00000000f3700000,0x00000000f9b80000)
 ParOldGen       total 180224K, used 180122K [0x00000000c0000000, 0x00000000cb000000, 0x00000000eaa80000)
  object space 180224K, 99% used [0x00000000c0000000,0x00000000cafe6b68,0x00000000cb000000)
 PSPermGen       total 21504K, used 6587K [0x00000000b5a00000, 0x00000000b6f00000, 0x00000000c0000000)
  object space 21504K, 30% used [0x00000000b5a00000,0x00000000b606ec30,0x00000000b6f00000)
Event: 21,895 GC heap after
Heap after GC invocations=17 (full 3):
 PSYoungGen      total 224768K, used 54492K [0x00000000eaa80000, 0x0000000100000000, 0x0000000100000000)
  eden space 143872K, 0% used [0x00000000eaa80000,0x00000000eaa80000,0x00000000f3700000)
  from space 80896K, 67% used [0x00000000fb100000,0x00000000fe637298,0x0000000100000000)
  to   space 102912K, 0% used [0x00000000f3700000,0x00000000f3700000,0x00000000f9b80000)
 ParOldGen       total 284672K, used 180003K [0x00000000c0000000, 0x00000000d1600000, 0x00000000eaa80000)
  object space 284672K, 63% used [0x00000000c0000000,0x00000000cafc8c78,0x00000000d1600000)
 PSPermGen       total 21504K, used 6586K [0x00000000b5a00000, 0x00000000b6f00000, 0x00000000c0000000)
  object space 21504K, 30% used [0x00000000b5a00000,0x00000000b606e910,0x00000000b6f00000)
}
Event: 23,019 GC heap before
{Heap before GC invocations=18 (full 3):
 PSYoungGen      total 224768K, used 198364K [0x00000000eaa80000, 0x0000000100000000, 0x0000000100000000)
  eden space 143872K, 100% used [0x00000000eaa80000,0x00000000f3700000,0x00000000f3700000)
  from space 80896K, 67% used [0x00000000fb100000,0x00000000fe637298,0x0000000100000000)
  to   space 102912K, 0% used [0x00000000f3700000,0x00000000f3700000,0x00000000f9b80000)
 ParOldGen       total 284672K, used 180003K [0x00000000c0000000, 0x00000000d1600000, 0x00000000eaa80000)
  object space 284672K, 63% used [0x00000000c0000000,0x00000000cafc8c78,0x00000000d1600000)
 PSPermGen       total 21504K, used 6655K [0x00000000b5a00000, 0x00000000b6f00000, 0x00000000c0000000)
  object space 21504K, 30% used [0x00000000b5a00000,0x00000000b607fcd0,0x00000000b6f00000)
Event: 23,229 GC heap after
Heap after GC invocations=18 (full 3):
 PSYoungGen      total 246784K, used 24035K [0x00000000eaa80000, 0x0000000100000000, 0x0000000100000000)
  eden space 143872K, 0% used [0x00000000eaa80000,0x00000000eaa80000,0x00000000f3700000)
  from space 102912K, 23% used [0x00000000f3700000,0x00000000f4e78f78,0x00000000f9b80000)
  to   space 98816K, 0% used [0x00000000f9f80000,0x00000000f9f80000,0x0000000100000000)
 ParOldGen       total 284672K, used 233729K [0x00000000c0000000, 0x00000000d1600000, 0x00000000eaa80000)
  object space 284672K, 82% used [0x00000000c0000000,0x00000000ce440798,0x00000000d1600000)
 PSPermGen       total 21504K, used 6655K [0x00000000b5a00000, 0x00000000b6f00000, 0x00000000c0000000)
  object space 21504K, 30% used [0x00000000b5a00000,0x00000000b607fcd0,0x00000000b6f00000)
}
Event: 23,229 GC heap before
{Heap before GC invocations=19 (full 4):
 PSYoungGen      total 246784K, used 24035K [0x00000000eaa80000, 0x0000000100000000, 0x0000000100000000)
  eden space 143872K, 0% used [0x00000000eaa80000,0x00000000eaa80000,0x00000000f3700000)
  from space 102912K, 23% used [0x00000000f3700000,0x00000000f4e78f78,0x00000000f9b80000)
  to   space 98816K, 0% used [0x00000000f9f80000,0x00000000f9f80000,0x0000000100000000)
 ParOldGen       total 284672K, used 233729K [0x00000000c0000000, 0x00000000d1600000, 0x00000000eaa80000)
  object space 284672K, 82% used [0x00000000c0000000,0x00000000ce440798,0x00000000d1600000)
 PSPermGen       total 21504K, used 6655K [0x00000000b5a00000, 0x00000000b6f00000, 0x00000000c0000000)
  object space 21504K, 30% used [0x00000000b5a00000,0x00000000b607fcd0,0x00000000b6f00000)

